Log file open, 10/17/21 19:55:24
LogWindows: Failed to load 'aqProf.dll' (GetLastError=126)
LogWindows: File 'aqProf.dll' does not exist
LogWindows: Failed to load 'VtuneApi.dll' (GetLastError=126)
LogWindows: File 'VtuneApi.dll' does not exist
LogWindows: Failed to load 'VtuneApi32e.dll' (GetLastError=126)
LogWindows: File 'VtuneApi32e.dll' does not exist
LogConsoleResponse: Display: Failed to find resolution value strings in scalability ini. Falling back to default.
LogConsoleResponse: Display: Failed to find resolution value strings in scalability ini. Falling back to default.
LogInit: Display: Running engine for game: DimensionDestroyer
LogPlatformFile: Not using cached read wrapper
LogTaskGraph: Started task graph with 5 named threads and 23 total threads with 3 sets of task threads.
LogStats: Stats thread started at 0.525745
LogICUInternationalization: ICU TimeZone Detection - Raw Offset: -5:00, Platform Override: ''
LogInit: Display: Loading text-based GConfig....
LogPluginManager: Mounting plugin MeshPainting
LogPluginManager: Mounting plugin XGEController
LogPluginManager: Mounting plugin Paper2D
LogPluginManager: Mounting plugin LightPropagationVolume
LogPluginManager: Mounting plugin LiveLink
LogPluginManager: Mounting plugin AISupport
LogPluginManager: Mounting plugin GameplayCameras
LogPluginManager: Mounting plugin OodleData
LogPluginManager: Mounting plugin CameraShakePreviewer
LogPluginManager: Mounting plugin EnvironmentQueryEditor
LogPluginManager: Mounting plugin Niagara
LogPluginManager: Mounting plugin LuminPlatformFeatures
LogPluginManager: Mounting plugin MagicLeap
LogPluginManager: Mounting plugin OodleNetwork
LogPluginManager: Mounting plugin MagicLeapLightEstimation
LogPluginManager: Mounting plugin MagicLeapMedia
LogPluginManager: Mounting plugin MLSDK
LogPluginManager: Mounting plugin MagicLeapPassableWorld
LogPluginManager: Mounting plugin AnimationSharing
LogPluginManager: Mounting plugin CLionSourceCodeAccess
LogPluginManager: Mounting plugin CodeLiteSourceCodeAccess
LogPluginManager: Mounting plugin PlasticSourceControl
LogPluginManager: Mounting plugin KDevelopSourceCodeAccess
LogPluginManager: Mounting plugin GitSourceControl
LogPluginManager: Mounting plugin PixWinPlugin
LogPluginManager: Mounting plugin PerforceSourceControl
LogPluginManager: Mounting plugin NullSourceCodeAccess
LogPluginManager: Mounting plugin PluginUtils
LogPluginManager: Mounting plugin PropertyAccessNode
LogPluginManager: Mounting plugin TextureFormatOodle
LogPluginManager: Mounting plugin UObjectPlugin
LogPluginManager: Mounting plugin SubversionSourceControl
LogPluginManager: Mounting plugin AlembicImporter
LogPluginManager: Mounting plugin VisualStudioSourceCodeAccess
LogPluginManager: Mounting plugin VisualStudioCodeSourceCodeAccess
LogPluginManager: Mounting plugin XCodeSourceCodeAccess
LogPluginManager: Mounting plugin RiderSourceCodeAccess
LogPluginManager: Mounting plugin BackChannel
LogPluginManager: Mounting plugin AutomationUtils
LogPluginManager: Mounting plugin ChaosClothEditor
LogPluginManager: Mounting plugin ChaosNiagara
LogPluginManager: Mounting plugin ChaosSolverPlugin
LogPluginManager: Mounting plugin ChaosCloth
LogPluginManager: Mounting plugin ChaosEditor
LogPluginManager: Mounting plugin DatasmithContent
LogPluginManager: Mounting plugin CharacterAI
LogPluginManager: Mounting plugin VariantManagerContent
LogPluginManager: Mounting plugin GeometryCollectionPlugin
LogPluginManager: Mounting plugin GeometryProcessing
LogPluginManager: Mounting plugin GeometryCache
LogPluginManager: Mounting plugin Landmass
LogPluginManager: Mounting plugin MotoSynth
LogPluginManager: Mounting plugin ProxyLODPlugin
LogPluginManager: Mounting plugin OpenImageDenoise
LogPluginManager: Mounting plugin PythonScriptPlugin
LogPluginManager: Mounting plugin PlanarCut
LogPluginManager: Mounting plugin PlatformCrypto
LogPluginManager: Mounting plugin Water
LogPluginManager: Mounting plugin SkeletalReduction
LogPluginManager: Mounting plugin AssetManagerEditor
LogPluginManager: Mounting plugin BlueprintMaterialTextureNodes
LogPluginManager: Mounting plugin CryptoKeys
LogPluginManager: Mounting plugin CurveEditorTools
LogPluginManager: Mounting plugin GeometryMode
LogPluginManager: Mounting plugin DataValidation
LogPluginManager: Mounting plugin FacialAnimation
LogPluginManager: Mounting plugin GameplayTagsEditor
LogPluginManager: Mounting plugin MacGraphicsSwitching
LogPluginManager: Mounting plugin SpeedTreeImporter
LogPluginManager: Mounting plugin MobileLauncherProfileWizard
LogPluginManager: Mounting plugin PluginBrowser
LogPluginManager: Mounting plugin MaterialAnalyzer
LogPluginManager: Mounting plugin OnlineSubsystem
LogPluginManager: Mounting plugin OnlineSubsystemNull
LogPluginManager: Mounting plugin AndroidMedia
LogPluginManager: Mounting plugin OnlineSubsystemUtils
LogPluginManager: Mounting plugin AvfMedia
LogPluginManager: Mounting plugin ImgMedia
LogPluginManager: Mounting plugin MediaCompositing
LogPluginManager: Mounting plugin MediaPlayerEditor
LogPluginManager: Mounting plugin WebMMedia
LogPluginManager: Mounting plugin WmfMedia
LogPluginManager: Mounting plugin ActorSequence
LogPluginManager: Mounting plugin LevelSequenceEditor
LogPluginManager: Mounting plugin UdpMessaging
LogPluginManager: Mounting plugin TcpMessaging
LogPluginManager: Mounting plugin MatineeToLevelSequence
LogPluginManager: Mounting plugin TemplateSequence
LogPluginManager: Mounting plugin LauncherChunkInstaller
LogPluginManager: Mounting plugin ScreenshotTools
LogPluginManager: Mounting plugin Takes
LogPluginManager: Mounting plugin ActorLayerUtilities
LogPluginManager: Mounting plugin AndroidMoviePlayer
LogPluginManager: Mounting plugin AndroidDeviceProfileSelector
LogPluginManager: Mounting plugin AndroidPermission
LogPluginManager: Mounting plugin AppleMoviePlayer
LogPluginManager: Mounting plugin AppleImageUtils
LogPluginManager: Mounting plugin ArchVisCharacter
LogPluginManager: Mounting plugin AudioSynesthesia
LogPluginManager: Mounting plugin AssetTags
LogPluginManager: Mounting plugin AudioCapture
LogPluginManager: Mounting plugin ChunkDownloader
LogPluginManager: Mounting plugin EditableMesh
LogPluginManager: Mounting plugin CableComponent
LogPluginManager: Mounting plugin CustomMeshComponent
LogPluginManager: Mounting plugin ExampleDeviceProfileSelector
LogPluginManager: Mounting plugin GoogleCloudMessaging
LogPluginManager: Mounting plugin GooglePAD
LogPluginManager: Mounting plugin IOSDeviceProfileSelector
LogPluginManager: Mounting plugin LinuxDeviceProfileSelector
LogPluginManager: Mounting plugin LocationServicesBPLibrary
LogPluginManager: Mounting plugin MobilePatchingUtils
LogPluginManager: Mounting plugin OpenXRHandTracking
LogPluginManager: Mounting plugin OpenXREyeTracker
LogPluginManager: Mounting plugin OpenXR
LogPluginManager: Mounting plugin PostSplashScreen
LogPluginManager: Mounting plugin PhysXVehicles
LogPluginManager: Mounting plugin PropertyAccessEditor
LogPluginManager: Mounting plugin ProceduralMeshComponent
LogPluginManager: Mounting plugin SignificanceManager
LogPluginManager: Mounting plugin RuntimePhysXCooking
LogPluginManager: Mounting plugin SoundFields
LogPluginManager: Mounting plugin Synthesis
LogPluginManager: Mounting plugin WebMMoviePlayer
LogPluginManager: Mounting plugin WindowsMoviePlayer
LogPluginManager: Mounting plugin ContentBrowserAssetDataSource
LogPluginManager: Mounting plugin ContentBrowserFileDataSource
LogPluginManager: Mounting plugin ContentBrowserClassDataSource
LogPluginManager: Mounting plugin OnlineSubsystemGooglePlay
LogPluginManager: Mounting plugin OnlineSubsystemIOS
LogPluginManager: Mounting plugin OculusVR
LogPluginManager: Mounting plugin SteamVR
PixWinPlugin: PIX capture plugin failed to initialize! Check that the process is launched from PIX.
LogInit: Using libcurl 7.55.1-DEV
LogInit:  - built for x86_64-pc-win32
LogInit:  - supports SSL with OpenSSL/1.1.1
LogInit:  - supports HTTP deflate (compression) using libz 1.2.8
LogInit:  - other features:
LogInit:      CURL_VERSION_SSL
LogInit:      CURL_VERSION_LIBZ
LogInit:      CURL_VERSION_IPV6
LogInit:      CURL_VERSION_ASYNCHDNS
LogInit:      CURL_VERSION_LARGEFILE
LogInit:      CURL_VERSION_IDN
LogInit:  CurlRequestOptions (configurable via config and command line):
LogInit:  - bVerifyPeer = true  - Libcurl will verify peer certificate
LogInit:  - bUseHttpProxy = false  - Libcurl will NOT use HTTP proxy
LogInit:  - bDontReuseConnections = false  - Libcurl will reuse connections
LogInit:  - MaxHostConnections = 16  - Libcurl will limit the number of connections to a host
LogInit:  - LocalHostAddr = Default
LogInit:  - BufferSize = 65536
LogOnline: OSS: Creating online subsystem instance for: NULL
LogInit: WinSock: version 1.1 (2.2), MaxSocks=32767, MaxUdp=65467
LogOnline: OSS: TryLoadSubsystemAndSetDefault: Loaded subsystem for module [NULL]
LogOculusPluginWrapper: OculusPlugin initialized successfully
LogHMD: Failed initializing OVRPlugin 1.59.0
LogInit: Build: ++UE4+Release-4.27-CL-17155196
LogInit: Engine Version: 4.27.0-17155196+++UE4+Release-4.27
LogInit: Compatible Engine Version: 4.27.0-17155196+++UE4+Release-4.27
LogInit: Net CL: 17155196
LogInit: OS: Windows 10 (Release 2009) (), CPU: Intel(R) Core(TM) i5-1035G1 CPU @ 1.00GHz, GPU: Intel(R) UHD Graphics
LogInit: Compiled (64-bit): Aug 13 2021 06:13:13
LogInit: Compiled with Visual C++: 19.24.28315.00
LogInit: Build Configuration: Development
LogInit: Branch Name: ++UE4+Release-4.27
LogInit: Command Line: 
LogInit: Base Directory: C:/Program Files/Epic Games/UE_4.27/Engine/Binaries/Win64/
LogInit: Allocator: TBB
LogInit: Installed Engine Build: 1
LogDevObjectVersion: Number of dev versions registered: 29
LogDevObjectVersion:   Dev-Blueprints (B0D832E4-1F89-4F0D-ACCF-7EB736FD4AA2): 10
LogDevObjectVersion:   Dev-Build (E1C64328-A22C-4D53-A36C-8E866417BD8C): 0
LogDevObjectVersion:   Dev-Core (375EC13C-06E4-48FB-B500-84F0262A717E): 4
LogDevObjectVersion:   Dev-Editor (E4B068ED-F494-42E9-A231-DA0B2E46BB41): 40
LogDevObjectVersion:   Dev-Framework (CFFC743F-43B0-4480-9391-14DF171D2073): 37
LogDevObjectVersion:   Dev-Mobile (B02B49B5-BB20-44E9-A304-32B752E40360): 3
LogDevObjectVersion:   Dev-Networking (A4E4105C-59A1-49B5-A7C5-40C4547EDFEE): 0
LogDevObjectVersion:   Dev-Online (39C831C9-5AE6-47DC-9A44-9C173E1C8E7C): 0
LogDevObjectVersion:   Dev-Physics (78F01B33-EBEA-4F98-B9B4-84EACCB95AA2): 14
LogDevObjectVersion:   Dev-Platform (6631380F-2D4D-43E0-8009-CF276956A95A): 0
LogDevObjectVersion:   Dev-Rendering (12F88B9F-8875-4AFC-A67C-D90C383ABD29): 45
LogDevObjectVersion:   Dev-Sequencer (7B5AE74C-D270-4C10-A958-57980B212A5A): 13
LogDevObjectVersion:   Dev-VR (D7296918-1DD6-4BDD-9DE2-64A83CC13884): 3
LogDevObjectVersion:   Dev-LoadTimes (C2A15278-BFE7-4AFE-6C17-90FF531DF755): 1
LogDevObjectVersion:   Private-Geometry (6EACA3D4-40EC-4CC1-B786-8BED09428FC5): 3
LogDevObjectVersion:   Dev-AnimPhys (29E575DD-E0A3-4627-9D10-D276232CDCEA): 17
LogDevObjectVersion:   Dev-Anim (AF43A65D-7FD3-4947-9873-3E8ED9C1BB05): 15
LogDevObjectVersion:   Dev-ReflectionCapture (6B266CEC-1EC7-4B8F-A30B-E4D90942FC07): 1
LogDevObjectVersion:   Dev-Automation (0DF73D61-A23F-47EA-B727-89E90C41499A): 1
LogDevObjectVersion:   FortniteMain (601D1886-AC64-4F84-AA16-D3DE0DEAC7D6): 47
LogDevObjectVersion:   FortniteRelease (E7086368-6B23-4C58-8439-1B7016265E91): 1
LogDevObjectVersion:   Dev-Enterprise (9DFFBCD6-494F-0158-E221-12823C92A888): 10
LogDevObjectVersion:   Dev-Niagara (F2AED0AC-9AFE-416F-8664-AA7FFA26D6FC): 1
LogDevObjectVersion:   Dev-Destruction (174F1F0B-B4C6-45A5-B13F-2EE8D0FB917D): 10
LogDevObjectVersion:   Dev-Physics-Ext (35F94A83-E258-406C-A318-09F59610247C): 41
LogDevObjectVersion:   Dev-PhysicsMaterial-Chaos (B68FC16E-8B1B-42E2-B453-215C058844FE): 1
LogDevObjectVersion:   Dev-CineCamera (B2E18506-4273-CFC2-A54E-F4BB758BBA07): 1
LogDevObjectVersion:   Dev-VirtualProduction (64F58936-FD1B-42BA-BA96-7289D5D0FA4E): 1
LogDevObjectVersion:   Dev-MediaFramework (6F0ED827-A609-4895-9C91-998D90180EA4): 2
LogInit: Presizing for max 25165824 objects, including 0 objects not considered by GC, pre-allocating 0 bytes for permanent pool.
LogConfig: Applying CVar settings from Section [/Script/Engine.StreamingSettings] File [D:/Unreal Projects/DIG4720C_Project2/DimensionDestroyer/Saved/Config/Windows/Engine.ini]
LogConfig: Setting CVar [[s.MinBulkDataSizeForAsyncLoading:131072]]
LogConfig: Setting CVar [[s.AsyncLoadingThreadEnabled:0]]
LogConfig: Setting CVar [[s.EventDrivenLoaderEnabled:1]]
LogConfig: Setting CVar [[s.WarnIfTimeLimitExceeded:0]]
LogConfig: Setting CVar [[s.TimeLimitExceededMultiplier:1.5]]
LogConfig: Setting CVar [[s.TimeLimitExceededMinTime:0.005]]
LogConfig: Setting CVar [[s.UseBackgroundLevelStreaming:1]]
LogConfig: Setting CVar [[s.PriorityAsyncLoadingExtraTime:15.0]]
LogConfig: Setting CVar [[s.LevelStreamingActorsUpdateTimeLimit:5.0]]
LogConfig: Setting CVar [[s.PriorityLevelStreamingActorsUpdateExtraTime:5.0]]
LogConfig: Setting CVar [[s.LevelStreamingComponentsRegistrationGranularity:10]]
LogConfig: Setting CVar [[s.UnregisterComponentsTimeLimit:1.0]]
LogConfig: Setting CVar [[s.LevelStreamingComponentsUnregistrationGranularity:5]]
LogConfig: Setting CVar [[s.FlushStreamingOnExit:1]]
LogInit: Object subsystem initialized
LogConfig: Setting CVar [[con.DebugEarlyDefault:1]]
LogConfig: Setting CVar [[r.setres:1280x720]]
LogConfig: Setting CVar [[fx.NiagaraAllowRuntimeScalabilityChanges:1]]
[2021.10.17-23.55.25:509][  0]LogConfig: Setting CVar [[r.VSync:0]]
[2021.10.17-23.55.25:509][  0]LogConfig: Setting CVar [[r.RHICmdBypass:0]]
[2021.10.17-23.55.25:509][  0]LogConfig: Applying CVar settings from Section [/Script/Engine.RendererSettings] File [D:/Unreal Projects/DIG4720C_Project2/DimensionDestroyer/Saved/Config/Windows/Engine.ini]
[2021.10.17-23.55.25:509][  0]LogConfig: Setting CVar [[r.GPUCrashDebugging:0]]
[2021.10.17-23.55.25:509][  0]LogConfig: Applying CVar settings from Section [/Script/Engine.RendererOverrideSettings] File [D:/Unreal Projects/DIG4720C_Project2/DimensionDestroyer/Saved/Config/Windows/Engine.ini]
[2021.10.17-23.55.25:509][  0]LogConfig: Applying CVar settings from Section [/Script/Engine.StreamingSettings] File [D:/Unreal Projects/DIG4720C_Project2/DimensionDestroyer/Saved/Config/Windows/Engine.ini]
[2021.10.17-23.55.25:509][  0]LogConfig: Setting CVar [[s.MinBulkDataSizeForAsyncLoading:131072]]
[2021.10.17-23.55.25:509][  0]LogConfig: Setting CVar [[s.AsyncLoadingThreadEnabled:0]]
[2021.10.17-23.55.25:509][  0]LogConfig: Setting CVar [[s.EventDrivenLoaderEnabled:1]]
[2021.10.17-23.55.25:510][  0]LogConfig: Setting CVar [[s.WarnIfTimeLimitExceeded:0]]
[2021.10.17-23.55.25:510][  0]LogConfig: Setting CVar [[s.TimeLimitExceededMultiplier:1.5]]
[2021.10.17-23.55.25:510][  0]LogConfig: Setting CVar [[s.TimeLimitExceededMinTime:0.005]]
[2021.10.17-23.55.25:510][  0]LogConfig: Setting CVar [[s.UseBackgroundLevelStreaming:1]]
[2021.10.17-23.55.25:510][  0]LogConfig: Setting CVar [[s.PriorityAsyncLoadingExtraTime:15.0]]
[2021.10.17-23.55.25:510][  0]LogConfig: Setting CVar [[s.LevelStreamingActorsUpdateTimeLimit:5.0]]
[2021.10.17-23.55.25:510][  0]LogConfig: Setting CVar [[s.PriorityLevelStreamingActorsUpdateExtraTime:5.0]]
[2021.10.17-23.55.25:510][  0]LogConfig: Setting CVar [[s.LevelStreamingComponentsRegistrationGranularity:10]]
[2021.10.17-23.55.25:510][  0]LogConfig: Setting CVar [[s.UnregisterComponentsTimeLimit:1.0]]
[2021.10.17-23.55.25:510][  0]LogConfig: Setting CVar [[s.LevelStreamingComponentsUnregistrationGranularity:5]]
[2021.10.17-23.55.25:510][  0]LogConfig: Setting CVar [[s.FlushStreamingOnExit:1]]
[2021.10.17-23.55.25:510][  0]LogConfig: Applying CVar settings from Section [/Script/Engine.GarbageCollectionSettings] File [D:/Unreal Projects/DIG4720C_Project2/DimensionDestroyer/Saved/Config/Windows/Engine.ini]
[2021.10.17-23.55.25:510][  0]LogConfig: Setting CVar [[gc.MaxObjectsNotConsideredByGC:1]]
[2021.10.17-23.55.25:510][  0]LogConfig: Setting CVar [[gc.SizeOfPermanentObjectPool:0]]
[2021.10.17-23.55.25:510][  0]LogConfig: Setting CVar [[gc.FlushStreamingOnGC:0]]
[2021.10.17-23.55.25:510][  0]LogConfig: Setting CVar [[gc.NumRetriesBeforeForcingGC:10]]
[2021.10.17-23.55.25:510][  0]LogConfig: Setting CVar [[gc.AllowParallelGC:1]]
[2021.10.17-23.55.25:510][  0]LogConfig: Setting CVar [[gc.TimeBetweenPurgingPendingKillObjects:61.1]]
[2021.10.17-23.55.25:510][  0]LogConfig: Setting CVar [[gc.MaxObjectsInEditor:25165824]]
[2021.10.17-23.55.25:510][  0]LogConfig: Setting CVar [[gc.IncrementalBeginDestroyEnabled:1]]
[2021.10.17-23.55.25:510][  0]LogConfig: Setting CVar [[gc.CreateGCClusters:1]]
[2021.10.17-23.55.25:510][  0]LogConfig: Setting CVar [[gc.MinGCClusterSize:5]]
[2021.10.17-23.55.25:510][  0]LogConfig: Setting CVar [[gc.ActorClusteringEnabled:0]]
[2021.10.17-23.55.25:510][  0]LogConfig: Setting CVar [[gc.BlueprintClusteringEnabled:0]]
[2021.10.17-23.55.25:510][  0]LogConfig: Setting CVar [[gc.UseDisregardForGCOnDedicatedServers:0]]
[2021.10.17-23.55.25:510][  0]LogConfig: Setting CVar [[gc.MultithreadedDestructionEnabled:1]]
[2021.10.17-23.55.25:510][  0]LogConfig: Applying CVar settings from Section [/Script/Engine.NetworkSettings] File [D:/Unreal Projects/DIG4720C_Project2/DimensionDestroyer/Saved/Config/Windows/Engine.ini]
[2021.10.17-23.55.25:510][  0]LogConfig: Applying CVar settings from Section [/Script/UnrealEd.CookerSettings] File [D:/Unreal Projects/DIG4720C_Project2/DimensionDestroyer/Saved/Config/Windows/Engine.ini]
[2021.10.17-23.55.25:517][  0]LogConfig: Applying CVar settings from Section [ViewDistanceQuality@3] File [D:/Unreal Projects/DIG4720C_Project2/DimensionDestroyer/Saved/Config/Windows/Scalability.ini]
[2021.10.17-23.55.25:517][  0]LogConfig: Setting CVar [[r.SkeletalMeshLODBias:0]]
[2021.10.17-23.55.25:517][  0]LogConfig: Setting CVar [[r.ViewDistanceScale:1.0]]
[2021.10.17-23.55.25:517][  0]LogConfig: Applying CVar settings from Section [AntiAliasingQuality@3] File [D:/Unreal Projects/DIG4720C_Project2/DimensionDestroyer/Saved/Config/Windows/Scalability.ini]
[2021.10.17-23.55.25:517][  0]LogConfig: Setting CVar [[r.PostProcessAAQuality:4]]
[2021.10.17-23.55.25:517][  0]LogConfig: Applying CVar settings from Section [ShadowQuality@3] File [D:/Unreal Projects/DIG4720C_Project2/DimensionDestroyer/Saved/Config/Windows/Scalability.ini]
[2021.10.17-23.55.25:517][  0]LogConfig: Setting CVar [[r.LightFunctionQuality:1]]
[2021.10.17-23.55.25:517][  0]LogConfig: Setting CVar [[r.ShadowQuality:5]]
[2021.10.17-23.55.25:517][  0]LogConfig: Setting CVar [[r.Shadow.CSM.MaxCascades:10]]
[2021.10.17-23.55.25:517][  0]LogConfig: Setting CVar [[r.Shadow.MaxResolution:2048]]
[2021.10.17-23.55.25:517][  0]LogConfig: Setting CVar [[r.Shadow.MaxCSMResolution:2048]]
[2021.10.17-23.55.25:517][  0]LogConfig: Setting CVar [[r.Shadow.RadiusThreshold:0.01]]
[2021.10.17-23.55.25:517][  0]LogConfig: Setting CVar [[r.Shadow.DistanceScale:1.0]]
[2021.10.17-23.55.25:517][  0]LogConfig: Setting CVar [[r.Shadow.CSM.TransitionScale:1.0]]
[2021.10.17-23.55.25:517][  0]LogConfig: Setting CVar [[r.Shadow.PreShadowResolutionFactor:1.0]]
[2021.10.17-23.55.25:517][  0]LogConfig: Setting CVar [[r.DistanceFieldShadowing:1]]
[2021.10.17-23.55.25:517][  0]LogConfig: Setting CVar [[r.DistanceFieldAO:1]]
[2021.10.17-23.55.25:518][  0]LogConfig: Setting CVar [[r.AOQuality:2]]
[2021.10.17-23.55.25:518][  0]LogConfig: Setting CVar [[r.VolumetricFog:1]]
[2021.10.17-23.55.25:518][  0]LogConfig: Setting CVar [[r.VolumetricFog.GridPixelSize:8]]
[2021.10.17-23.55.25:518][  0]LogConfig: Setting CVar [[r.VolumetricFog.GridSizeZ:128]]
[2021.10.17-23.55.25:518][  0]LogConfig: Setting CVar [[r.VolumetricFog.HistoryMissSupersampleCount:4]]
[2021.10.17-23.55.25:518][  0]LogConfig: Setting CVar [[r.LightMaxDrawDistanceScale:1]]
[2021.10.17-23.55.25:518][  0]LogConfig: Setting CVar [[r.CapsuleShadows:1]]
[2021.10.17-23.55.25:518][  0]LogConfig: Applying CVar settings from Section [PostProcessQuality@3] File [D:/Unreal Projects/DIG4720C_Project2/DimensionDestroyer/Saved/Config/Windows/Scalability.ini]
[2021.10.17-23.55.25:518][  0]LogConfig: Setting CVar [[r.MotionBlurQuality:4]]
[2021.10.17-23.55.25:518][  0]LogConfig: Setting CVar [[r.AmbientOcclusionMipLevelFactor:0.4]]
[2021.10.17-23.55.25:518][  0]LogConfig: Setting CVar [[r.AmbientOcclusionMaxQuality:100]]
[2021.10.17-23.55.25:518][  0]LogConfig: Setting CVar [[r.AmbientOcclusionLevels:-1]]
[2021.10.17-23.55.25:518][  0]LogConfig: Setting CVar [[r.AmbientOcclusionRadiusScale:1.0]]
[2021.10.17-23.55.25:518][  0]LogConfig: Setting CVar [[r.DepthOfFieldQuality:2]]
[2021.10.17-23.55.25:518][  0]LogConfig: Setting CVar [[r.RenderTargetPoolMin:400]]
[2021.10.17-23.55.25:518][  0]LogConfig: Setting CVar [[r.LensFlareQuality:2]]
[2021.10.17-23.55.25:518][  0]LogConfig: Setting CVar [[r.SceneColorFringeQuality:1]]
[2021.10.17-23.55.25:518][  0]LogConfig: Setting CVar [[r.EyeAdaptationQuality:2]]
[2021.10.17-23.55.25:518][  0]LogConfig: Setting CVar [[r.BloomQuality:5]]
[2021.10.17-23.55.25:518][  0]LogConfig: Setting CVar [[r.FastBlurThreshold:100]]
[2021.10.17-23.55.25:518][  0]LogConfig: Setting CVar [[r.Upscale.Quality:3]]
[2021.10.17-23.55.25:518][  0]LogConfig: Setting CVar [[r.Tonemapper.GrainQuantization:1]]
[2021.10.17-23.55.25:518][  0]LogConfig: Setting CVar [[r.LightShaftQuality:1]]
[2021.10.17-23.55.25:518][  0]LogConfig: Setting CVar [[r.Filter.SizeScale:1]]
[2021.10.17-23.55.25:518][  0]LogConfig: Setting CVar [[r.Tonemapper.Quality:5]]
[2021.10.17-23.55.25:518][  0]LogConfig: Setting CVar [[r.DOF.Gather.AccumulatorQuality:1        ; higher gathering accumulator quality]]
[2021.10.17-23.55.25:518][  0]LogConfig: Setting CVar [[r.DOF.Gather.PostfilterMethod:1          ; Median3x3 postfilering method]]
[2021.10.17-23.55.25:518][  0]LogConfig: Setting CVar [[r.DOF.Gather.EnableBokehSettings:0       ; no bokeh simulation when gathering]]
[2021.10.17-23.55.25:518][  0]LogConfig: Setting CVar [[r.DOF.Gather.RingCount:4                 ; medium number of samples when gathering]]
[2021.10.17-23.55.25:518][  0]LogConfig: Setting CVar [[r.DOF.Scatter.ForegroundCompositing:1    ; additive foreground scattering]]
[2021.10.17-23.55.25:518][  0]LogConfig: Setting CVar [[r.DOF.Scatter.BackgroundCompositing:2    ; additive background scattering]]
[2021.10.17-23.55.25:518][  0]LogConfig: Setting CVar [[r.DOF.Scatter.EnableBokehSettings:1      ; bokeh simulation when scattering]]
[2021.10.17-23.55.25:518][  0]LogConfig: Setting CVar [[r.DOF.Scatter.MaxSpriteRatio:0.1         ; only a maximum of 10% of scattered bokeh]]
[2021.10.17-23.55.25:518][  0]LogConfig: Setting CVar [[r.DOF.Recombine.Quality:1                ; cheap slight out of focus]]
[2021.10.17-23.55.25:518][  0]LogConfig: Setting CVar [[r.DOF.Recombine.EnableBokehSettings:0    ; no bokeh simulation on slight out of focus]]
[2021.10.17-23.55.25:518][  0]LogConfig: Setting CVar [[r.DOF.TemporalAAQuality:1                ; more stable temporal accumulation]]
[2021.10.17-23.55.25:518][  0]LogConfig: Setting CVar [[r.DOF.Kernel.MaxForegroundRadius:0.025]]
[2021.10.17-23.55.25:518][  0]LogConfig: Setting CVar [[r.DOF.Kernel.MaxBackgroundRadius:0.025]]
[2021.10.17-23.55.25:518][  0]LogConfig: Applying CVar settings from Section [TextureQuality@3] File [D:/Unreal Projects/DIG4720C_Project2/DimensionDestroyer/Saved/Config/Windows/Scalability.ini]
[2021.10.17-23.55.25:518][  0]LogConfig: Setting CVar [[r.Streaming.MipBias:0]]
[2021.10.17-23.55.25:518][  0]LogConfig: Setting CVar [[r.Streaming.AmortizeCPUToGPUCopy:0]]
[2021.10.17-23.55.25:518][  0]LogConfig: Setting CVar [[r.Streaming.MaxNumTexturesToStreamPerFrame:0]]
[2021.10.17-23.55.25:518][  0]LogConfig: Setting CVar [[r.Streaming.Boost:1]]
[2021.10.17-23.55.25:518][  0]LogConfig: Setting CVar [[r.MaxAnisotropy:8]]
[2021.10.17-23.55.25:518][  0]LogConfig: Setting CVar [[r.VT.MaxAnisotropy:8]]
[2021.10.17-23.55.25:518][  0]LogConfig: Setting CVar [[r.Streaming.LimitPoolSizeToVRAM:0]]
[2021.10.17-23.55.25:518][  0]LogConfig: Setting CVar [[r.Streaming.PoolSize:1000]]
[2021.10.17-23.55.25:518][  0]LogConfig: Setting CVar [[r.Streaming.MaxEffectiveScreenSize:0]]
[2021.10.17-23.55.25:518][  0]LogConfig: Applying CVar settings from Section [EffectsQuality@3] File [D:/Unreal Projects/DIG4720C_Project2/DimensionDestroyer/Saved/Config/Windows/Scalability.ini]
[2021.10.17-23.55.25:518][  0]LogConfig: Setting CVar [[r.TranslucencyLightingVolumeDim:64]]
[2021.10.17-23.55.25:518][  0]LogConfig: Setting CVar [[r.RefractionQuality:2]]
[2021.10.17-23.55.25:518][  0]LogConfig: Setting CVar [[r.SSR.Quality:3]]
[2021.10.17-23.55.25:518][  0]LogConfig: Setting CVar [[r.SSR.HalfResSceneColor:0]]
[2021.10.17-23.55.25:518][  0]LogConfig: Setting CVar [[r.SceneColorFormat:4]]
[2021.10.17-23.55.25:518][  0]LogConfig: Setting CVar [[r.DetailMode:2]]
[2021.10.17-23.55.25:518][  0]LogConfig: Setting CVar [[r.TranslucencyVolumeBlur:1]]
[2021.10.17-23.55.25:518][  0]LogConfig: Setting CVar [[r.MaterialQualityLevel:1 ; High quality]]
[2021.10.17-23.55.25:518][  0]LogConfig: Setting CVar [[r.AnisotropicMaterials:1]]
[2021.10.17-23.55.25:518][  0]LogConfig: Setting CVar [[r.SSS.Scale:1]]
[2021.10.17-23.55.25:518][  0]LogConfig: Setting CVar [[r.SSS.SampleSet:2]]
[2021.10.17-23.55.25:518][  0]LogConfig: Setting CVar [[r.SSS.Quality:1]]
[2021.10.17-23.55.25:518][  0]LogConfig: Setting CVar [[r.SSS.HalfRes:0]]
[2021.10.17-23.55.25:518][  0]LogConfig: Setting CVar [[r.SSGI.Quality:3]]
[2021.10.17-23.55.25:518][  0]LogConfig: Setting CVar [[r.EmitterSpawnRateScale:1.0]]
[2021.10.17-23.55.25:518][  0]LogConfig: Setting CVar [[r.ParticleLightQuality:2]]
[2021.10.17-23.55.25:518][  0]LogConfig: Setting CVar [[r.SkyAtmosphere.AerialPerspectiveLUT.FastApplyOnOpaque:1 ; Always have FastSkyLUT 1 in this case to avoid wrong sky]]
[2021.10.17-23.55.25:518][  0]LogConfig: Setting CVar [[r.SkyAtmosphere.AerialPerspectiveLUT.SampleCountMaxPerSlice:4]]
[2021.10.17-23.55.25:518][  0]LogConfig: Setting CVar [[r.SkyAtmosphere.AerialPerspectiveLUT.DepthResolution:16.0]]
[2021.10.17-23.55.25:518][  0]LogConfig: Setting CVar [[r.SkyAtmosphere.FastSkyLUT:1]]
[2021.10.17-23.55.25:518][  0]LogConfig: Setting CVar [[r.SkyAtmosphere.FastSkyLUT.SampleCountMin:4.0]]
[2021.10.17-23.55.25:518][  0]LogConfig: Setting CVar [[r.SkyAtmosphere.FastSkyLUT.SampleCountMax:128.0]]
[2021.10.17-23.55.25:518][  0]LogConfig: Setting CVar [[r.SkyAtmosphere.SampleCountMin:4.0]]
[2021.10.17-23.55.25:518][  0]LogConfig: Setting CVar [[r.SkyAtmosphere.SampleCountMax:128.0]]
[2021.10.17-23.55.25:518][  0]LogConfig: Setting CVar [[r.SkyAtmosphere.TransmittanceLUT.UseSmallFormat:0]]
[2021.10.17-23.55.25:518][  0]LogConfig: Setting CVar [[r.SkyAtmosphere.TransmittanceLUT.SampleCount:10.0]]
[2021.10.17-23.55.25:518][  0]LogConfig: Setting CVar [[r.SkyAtmosphere.MultiScatteringLUT.SampleCount:15.0]]
[2021.10.17-23.55.25:518][  0]LogConfig: Setting CVar [[r.SkyLight.RealTimeReflectionCapture:1]]
[2021.10.17-23.55.25:518][  0]LogConfig: Setting CVar [[fx.Niagara.QualityLevel:3]]
[2021.10.17-23.55.25:518][  0]LogConfig: Applying CVar settings from Section [FoliageQuality@3] File [D:/Unreal Projects/DIG4720C_Project2/DimensionDestroyer/Saved/Config/Windows/Scalability.ini]
[2021.10.17-23.55.25:518][  0]LogConfig: Setting CVar [[foliage.DensityScale:1.0]]
[2021.10.17-23.55.25:518][  0]LogConfig: Setting CVar [[grass.DensityScale:1.0]]
[2021.10.17-23.55.25:518][  0]LogConfig: Applying CVar settings from Section [ShadingQuality@3] File [D:/Unreal Projects/DIG4720C_Project2/DimensionDestroyer/Saved/Config/Windows/Scalability.ini]
[2021.10.17-23.55.25:518][  0]LogConfig: Setting CVar [[r.HairStrands.SkyLighting.IntegrationType:2]]
[2021.10.17-23.55.25:518][  0]LogConfig: Setting CVar [[r.HairStrands.SkyAO.SampleCount:4]]
[2021.10.17-23.55.25:518][  0]LogConfig: Setting CVar [[r.HairStrands.Visibility.MSAA.SamplePerPixel:4]]
[2021.10.17-23.55.25:518][  0]LogInit: Selected Device Profile: [Windows]
[2021.10.17-23.55.25:518][  0]LogInit: Applying CVar settings loaded from the selected device profile: [Windows]
[2021.10.17-23.55.25:519][  0]LogHAL: Display: Platform has ~ 8 GB [8344797184 / 8589934592 / 8], which maps to Default [LargestMinGB=32, LargerMinGB=12, DefaultMinGB=8, SmallerMinGB=6, SmallestMinGB=0)
[2021.10.17-23.55.25:520][  0]LogInit: Going up to parent DeviceProfile []
[2021.10.17-23.55.25:520][  0]LogConfig: Applying CVar settings from Section [ViewDistanceQuality@3] File [D:/Unreal Projects/DIG4720C_Project2/DimensionDestroyer/Saved/Config/Windows/Scalability.ini]
[2021.10.17-23.55.25:520][  0]LogConfig: Setting CVar [[r.SkeletalMeshLODBias:0]]
[2021.10.17-23.55.25:520][  0]LogConfig: Setting CVar [[r.ViewDistanceScale:1.0]]
[2021.10.17-23.55.25:520][  0]LogConfig: Applying CVar settings from Section [AntiAliasingQuality@3] File [D:/Unreal Projects/DIG4720C_Project2/DimensionDestroyer/Saved/Config/Windows/Scalability.ini]
[2021.10.17-23.55.25:520][  0]LogConfig: Setting CVar [[r.PostProcessAAQuality:4]]
[2021.10.17-23.55.25:520][  0]LogConfig: Applying CVar settings from Section [ShadowQuality@3] File [D:/Unreal Projects/DIG4720C_Project2/DimensionDestroyer/Saved/Config/Windows/Scalability.ini]
[2021.10.17-23.55.25:520][  0]LogConfig: Setting CVar [[r.LightFunctionQuality:1]]
[2021.10.17-23.55.25:520][  0]LogConfig: Setting CVar [[r.ShadowQuality:5]]
[2021.10.17-23.55.25:520][  0]LogConfig: Setting CVar [[r.Shadow.CSM.MaxCascades:10]]
[2021.10.17-23.55.25:520][  0]LogConfig: Setting CVar [[r.Shadow.MaxResolution:2048]]
[2021.10.17-23.55.25:520][  0]LogConfig: Setting CVar [[r.Shadow.MaxCSMResolution:2048]]
[2021.10.17-23.55.25:520][  0]LogConfig: Setting CVar [[r.Shadow.RadiusThreshold:0.01]]
[2021.10.17-23.55.25:520][  0]LogConfig: Setting CVar [[r.Shadow.DistanceScale:1.0]]
[2021.10.17-23.55.25:520][  0]LogConfig: Setting CVar [[r.Shadow.CSM.TransitionScale:1.0]]
[2021.10.17-23.55.25:520][  0]LogConfig: Setting CVar [[r.Shadow.PreShadowResolutionFactor:1.0]]
[2021.10.17-23.55.25:520][  0]LogConfig: Setting CVar [[r.DistanceFieldShadowing:1]]
[2021.10.17-23.55.25:520][  0]LogConfig: Setting CVar [[r.DistanceFieldAO:1]]
[2021.10.17-23.55.25:520][  0]LogConfig: Setting CVar [[r.AOQuality:2]]
[2021.10.17-23.55.25:520][  0]LogConfig: Setting CVar [[r.VolumetricFog:1]]
[2021.10.17-23.55.25:520][  0]LogConfig: Setting CVar [[r.VolumetricFog.GridPixelSize:8]]
[2021.10.17-23.55.25:520][  0]LogConfig: Setting CVar [[r.VolumetricFog.GridSizeZ:128]]
[2021.10.17-23.55.25:520][  0]LogConfig: Setting CVar [[r.VolumetricFog.HistoryMissSupersampleCount:4]]
[2021.10.17-23.55.25:520][  0]LogConfig: Setting CVar [[r.LightMaxDrawDistanceScale:1]]
[2021.10.17-23.55.25:520][  0]LogConfig: Setting CVar [[r.CapsuleShadows:1]]
[2021.10.17-23.55.25:520][  0]LogConfig: Applying CVar settings from Section [PostProcessQuality@3] File [D:/Unreal Projects/DIG4720C_Project2/DimensionDestroyer/Saved/Config/Windows/Scalability.ini]
[2021.10.17-23.55.25:520][  0]LogConfig: Setting CVar [[r.MotionBlurQuality:4]]
[2021.10.17-23.55.25:520][  0]LogConfig: Setting CVar [[r.AmbientOcclusionMipLevelFactor:0.4]]
[2021.10.17-23.55.25:520][  0]LogConfig: Setting CVar [[r.AmbientOcclusionMaxQuality:100]]
[2021.10.17-23.55.25:520][  0]LogConfig: Setting CVar [[r.AmbientOcclusionLevels:-1]]
[2021.10.17-23.55.25:520][  0]LogConfig: Setting CVar [[r.AmbientOcclusionRadiusScale:1.0]]
[2021.10.17-23.55.25:520][  0]LogConfig: Setting CVar [[r.DepthOfFieldQuality:2]]
[2021.10.17-23.55.25:520][  0]LogConfig: Setting CVar [[r.RenderTargetPoolMin:400]]
[2021.10.17-23.55.25:520][  0]LogConfig: Setting CVar [[r.LensFlareQuality:2]]
[2021.10.17-23.55.25:520][  0]LogConfig: Setting CVar [[r.SceneColorFringeQuality:1]]
[2021.10.17-23.55.25:520][  0]LogConfig: Setting CVar [[r.EyeAdaptationQuality:2]]
[2021.10.17-23.55.25:520][  0]LogConfig: Setting CVar [[r.BloomQuality:5]]
[2021.10.17-23.55.25:520][  0]LogConfig: Setting CVar [[r.FastBlurThreshold:100]]
[2021.10.17-23.55.25:520][  0]LogConfig: Setting CVar [[r.Upscale.Quality:3]]
[2021.10.17-23.55.25:520][  0]LogConfig: Setting CVar [[r.Tonemapper.GrainQuantization:1]]
[2021.10.17-23.55.25:520][  0]LogConfig: Setting CVar [[r.LightShaftQuality:1]]
[2021.10.17-23.55.25:520][  0]LogConfig: Setting CVar [[r.Filter.SizeScale:1]]
[2021.10.17-23.55.25:520][  0]LogConfig: Setting CVar [[r.Tonemapper.Quality:5]]
[2021.10.17-23.55.25:520][  0]LogConfig: Setting CVar [[r.DOF.Gather.AccumulatorQuality:1        ; higher gathering accumulator quality]]
[2021.10.17-23.55.25:520][  0]LogConfig: Setting CVar [[r.DOF.Gather.PostfilterMethod:1          ; Median3x3 postfilering method]]
[2021.10.17-23.55.25:520][  0]LogConfig: Setting CVar [[r.DOF.Gather.EnableBokehSettings:0       ; no bokeh simulation when gathering]]
[2021.10.17-23.55.25:520][  0]LogConfig: Setting CVar [[r.DOF.Gather.RingCount:4                 ; medium number of samples when gathering]]
[2021.10.17-23.55.25:520][  0]LogConfig: Setting CVar [[r.DOF.Scatter.ForegroundCompositing:1    ; additive foreground scattering]]
[2021.10.17-23.55.25:520][  0]LogConfig: Setting CVar [[r.DOF.Scatter.BackgroundCompositing:2    ; additive background scattering]]
[2021.10.17-23.55.25:520][  0]LogConfig: Setting CVar [[r.DOF.Scatter.EnableBokehSettings:1      ; bokeh simulation when scattering]]
[2021.10.17-23.55.25:520][  0]LogConfig: Setting CVar [[r.DOF.Scatter.MaxSpriteRatio:0.1         ; only a maximum of 10% of scattered bokeh]]
[2021.10.17-23.55.25:520][  0]LogConfig: Setting CVar [[r.DOF.Recombine.Quality:1                ; cheap slight out of focus]]
[2021.10.17-23.55.25:520][  0]LogConfig: Setting CVar [[r.DOF.Recombine.EnableBokehSettings:0    ; no bokeh simulation on slight out of focus]]
[2021.10.17-23.55.25:520][  0]LogConfig: Setting CVar [[r.DOF.TemporalAAQuality:1                ; more stable temporal accumulation]]
[2021.10.17-23.55.25:520][  0]LogConfig: Setting CVar [[r.DOF.Kernel.MaxForegroundRadius:0.025]]
[2021.10.17-23.55.25:520][  0]LogConfig: Setting CVar [[r.DOF.Kernel.MaxBackgroundRadius:0.025]]
[2021.10.17-23.55.25:520][  0]LogConfig: Applying CVar settings from Section [TextureQuality@3] File [D:/Unreal Projects/DIG4720C_Project2/DimensionDestroyer/Saved/Config/Windows/Scalability.ini]
[2021.10.17-23.55.25:520][  0]LogConfig: Setting CVar [[r.Streaming.MipBias:0]]
[2021.10.17-23.55.25:520][  0]LogConfig: Setting CVar [[r.Streaming.AmortizeCPUToGPUCopy:0]]
[2021.10.17-23.55.25:520][  0]LogConfig: Setting CVar [[r.Streaming.MaxNumTexturesToStreamPerFrame:0]]
[2021.10.17-23.55.25:520][  0]LogConfig: Setting CVar [[r.Streaming.Boost:1]]
[2021.10.17-23.55.25:520][  0]LogConfig: Setting CVar [[r.MaxAnisotropy:8]]
[2021.10.17-23.55.25:520][  0]LogConfig: Setting CVar [[r.VT.MaxAnisotropy:8]]
[2021.10.17-23.55.25:520][  0]LogConfig: Setting CVar [[r.Streaming.LimitPoolSizeToVRAM:0]]
[2021.10.17-23.55.25:520][  0]LogConfig: Setting CVar [[r.Streaming.PoolSize:1000]]
[2021.10.17-23.55.25:520][  0]LogConfig: Setting CVar [[r.Streaming.MaxEffectiveScreenSize:0]]
[2021.10.17-23.55.25:520][  0]LogConfig: Applying CVar settings from Section [EffectsQuality@3] File [D:/Unreal Projects/DIG4720C_Project2/DimensionDestroyer/Saved/Config/Windows/Scalability.ini]
[2021.10.17-23.55.25:520][  0]LogConfig: Setting CVar [[r.TranslucencyLightingVolumeDim:64]]
[2021.10.17-23.55.25:520][  0]LogConfig: Setting CVar [[r.RefractionQuality:2]]
[2021.10.17-23.55.25:520][  0]LogConfig: Setting CVar [[r.SSR.Quality:3]]
[2021.10.17-23.55.25:520][  0]LogConfig: Setting CVar [[r.SSR.HalfResSceneColor:0]]
[2021.10.17-23.55.25:520][  0]LogConfig: Setting CVar [[r.SceneColorFormat:4]]
[2021.10.17-23.55.25:520][  0]LogConfig: Setting CVar [[r.DetailMode:2]]
[2021.10.17-23.55.25:520][  0]LogConfig: Setting CVar [[r.TranslucencyVolumeBlur:1]]
[2021.10.17-23.55.25:520][  0]LogConfig: Setting CVar [[r.MaterialQualityLevel:1 ; High quality]]
[2021.10.17-23.55.25:520][  0]LogConfig: Setting CVar [[r.AnisotropicMaterials:1]]
[2021.10.17-23.55.25:520][  0]LogConfig: Setting CVar [[r.SSS.Scale:1]]
[2021.10.17-23.55.25:520][  0]LogConfig: Setting CVar [[r.SSS.SampleSet:2]]
[2021.10.17-23.55.25:520][  0]LogConfig: Setting CVar [[r.SSS.Quality:1]]
[2021.10.17-23.55.25:520][  0]LogConfig: Setting CVar [[r.SSS.HalfRes:0]]
[2021.10.17-23.55.25:520][  0]LogConfig: Setting CVar [[r.SSGI.Quality:3]]
[2021.10.17-23.55.25:520][  0]LogConfig: Setting CVar [[r.EmitterSpawnRateScale:1.0]]
[2021.10.17-23.55.25:520][  0]LogConfig: Setting CVar [[r.ParticleLightQuality:2]]
[2021.10.17-23.55.25:520][  0]LogConfig: Setting CVar [[r.SkyAtmosphere.AerialPerspectiveLUT.FastApplyOnOpaque:1 ; Always have FastSkyLUT 1 in this case to avoid wrong sky]]
[2021.10.17-23.55.25:520][  0]LogConfig: Setting CVar [[r.SkyAtmosphere.AerialPerspectiveLUT.SampleCountMaxPerSlice:4]]
[2021.10.17-23.55.25:520][  0]LogConfig: Setting CVar [[r.SkyAtmosphere.AerialPerspectiveLUT.DepthResolution:16.0]]
[2021.10.17-23.55.25:520][  0]LogConfig: Setting CVar [[r.SkyAtmosphere.FastSkyLUT:1]]
[2021.10.17-23.55.25:520][  0]LogConfig: Setting CVar [[r.SkyAtmosphere.FastSkyLUT.SampleCountMin:4.0]]
[2021.10.17-23.55.25:520][  0]LogConfig: Setting CVar [[r.SkyAtmosphere.FastSkyLUT.SampleCountMax:128.0]]
[2021.10.17-23.55.25:520][  0]LogConfig: Setting CVar [[r.SkyAtmosphere.SampleCountMin:4.0]]
[2021.10.17-23.55.25:520][  0]LogConfig: Setting CVar [[r.SkyAtmosphere.SampleCountMax:128.0]]
[2021.10.17-23.55.25:520][  0]LogConfig: Setting CVar [[r.SkyAtmosphere.TransmittanceLUT.UseSmallFormat:0]]
[2021.10.17-23.55.25:520][  0]LogConfig: Setting CVar [[r.SkyAtmosphere.TransmittanceLUT.SampleCount:10.0]]
[2021.10.17-23.55.25:520][  0]LogConfig: Setting CVar [[r.SkyAtmosphere.MultiScatteringLUT.SampleCount:15.0]]
[2021.10.17-23.55.25:520][  0]LogConfig: Setting CVar [[r.SkyLight.RealTimeReflectionCapture:1]]
[2021.10.17-23.55.25:520][  0]LogConfig: Setting CVar [[fx.Niagara.QualityLevel:3]]
[2021.10.17-23.55.25:520][  0]LogConfig: Applying CVar settings from Section [FoliageQuality@3] File [D:/Unreal Projects/DIG4720C_Project2/DimensionDestroyer/Saved/Config/Windows/Scalability.ini]
[2021.10.17-23.55.25:520][  0]LogConfig: Setting CVar [[foliage.DensityScale:1.0]]
[2021.10.17-23.55.25:520][  0]LogConfig: Setting CVar [[grass.DensityScale:1.0]]
[2021.10.17-23.55.25:520][  0]LogConfig: Applying CVar settings from Section [ShadingQuality@3] File [D:/Unreal Projects/DIG4720C_Project2/DimensionDestroyer/Saved/Config/Windows/Scalability.ini]
[2021.10.17-23.55.25:520][  0]LogConfig: Setting CVar [[r.HairStrands.SkyLighting.IntegrationType:2]]
[2021.10.17-23.55.25:520][  0]LogConfig: Setting CVar [[r.HairStrands.SkyAO.SampleCount:4]]
[2021.10.17-23.55.25:520][  0]LogConfig: Setting CVar [[r.HairStrands.Visibility.MSAA.SamplePerPixel:4]]
[2021.10.17-23.55.25:521][  0]LogConfig: Applying CVar settings from Section [Startup] File [../../../Engine/Config/ConsoleVariables.ini]
[2021.10.17-23.55.25:521][  0]LogConfig: Setting CVar [[net.UseAdaptiveNetUpdateFrequency:0]]
[2021.10.17-23.55.25:521][  0]LogConfig: Setting CVar [[p.chaos.AllowCreatePhysxBodies:1]]
[2021.10.17-23.55.25:521][  0]LogConfig: Setting CVar [[fx.SkipVectorVMBackendOptimizations:1]]
[2021.10.17-23.55.25:521][  0]LogConfig: Applying CVar settings from Section [ConsoleVariables] File [D:/Unreal Projects/DIG4720C_Project2/DimensionDestroyer/Saved/Config/Windows/Engine.ini]
[2021.10.17-23.55.25:521][  0]LogConfig: Applying CVar settings from Section [ConsoleVariables] File [D:/Unreal Projects/DIG4720C_Project2/DimensionDestroyer/Saved/Config/Windows/Editor.ini]
[2021.10.17-23.55.25:522][  0]LogInit: Computer: DESKTOP-DP99S4G
[2021.10.17-23.55.25:522][  0]LogInit: User: Jourd
[2021.10.17-23.55.25:522][  0]LogInit: CPU Page size=4096, Cores=4
[2021.10.17-23.55.25:522][  0]LogInit: High frequency timer resolution =10.000000 MHz
[2021.10.17-23.55.25:522][  0]LogMemory: Memory total: Physical=7.8GB (8GB approx)
[2021.10.17-23.55.25:522][  0]LogMemory: Platform Memory Stats for Windows
[2021.10.17-23.55.25:522][  0]LogMemory: Process Physical Memory: 148.13 MB used, 148.13 MB peak
[2021.10.17-23.55.25:522][  0]LogMemory: Process Virtual Memory: 119.88 MB used, 119.88 MB peak
[2021.10.17-23.55.25:522][  0]LogMemory: Physical Memory: 5688.82 MB used,  2269.39 MB free, 7958.22 MB total
[2021.10.17-23.55.25:522][  0]LogMemory: Virtual Memory: 134211056.00 MB used,  6672.06 MB free, 134217728.00 MB total
[2021.10.17-23.55.25:527][  0]LogWindows: WindowsPlatformFeatures enabled
[2021.10.17-23.55.25:582][  0]LogInit: Physics initialised using underlying interface: PhysX
[2021.10.17-23.55.25:585][  0]LogInit: Using OS detected language (en-US).
[2021.10.17-23.55.25:585][  0]LogInit: Using OS detected locale (en-US).
[2021.10.17-23.55.25:598][  0]LogTextLocalizationManager: No specific localization for 'en-US' exists, so the 'en' localization will be used.
[2021.10.17-23.55.25:944][  0]LogInit: Setting process to per monitor DPI aware
[2021.10.17-23.55.25:962][  0]LogWindowsTextInputMethodSystem: Display: IME system deactivated.
[2021.10.17-23.55.25:995][  0]LogSlate: New Slate User Created.  User Index 0, Is Virtual User: 0
[2021.10.17-23.55.25:995][  0]LogSlate: Slate User Registered.  User Index 0, Is Virtual User: 0
[2021.10.17-23.55.26:255][  0]LogD3D11RHI: Loaded GFSDK_Aftermath_Lib.x64.dll
[2021.10.17-23.55.26:258][  0]LogHMD: Failed to initialize OpenVR with code 110
[2021.10.17-23.55.26:258][  0]LogD3D11RHI: D3D11 min allowed feature level: 11_0
[2021.10.17-23.55.26:258][  0]LogD3D11RHI: D3D11 max allowed feature level: 11_0
[2021.10.17-23.55.26:258][  0]LogD3D11RHI: D3D11 adapters:
[2021.10.17-23.55.26:391][  0]LogD3D11RHI:    0. 'Intel(R) UHD Graphics' (Feature Level 11_0)
[2021.10.17-23.55.26:391][  0]LogD3D11RHI:       128/0/3979 MB DedicatedVideo/DedicatedSystem/SharedSystem, Outputs:1, VendorId:0x8086
[2021.10.17-23.55.26:394][  0]LogD3D11RHI:    1. 'Microsoft Basic Render Driver' (Feature Level 11_0)
[2021.10.17-23.55.26:394][  0]LogD3D11RHI:       0/0/3979 MB DedicatedVideo/DedicatedSystem/SharedSystem, Outputs:0, VendorId:0x1414
[2021.10.17-23.55.26:394][  0]LogD3D11RHI: Chosen D3D11 Adapter: 0
[2021.10.17-23.55.26:401][  0]LogD3D11RHI: Creating new Direct3DDevice
[2021.10.17-23.55.26:401][  0]LogD3D11RHI:     GPU DeviceId: 0x8a56 (for the marketing name, search the web for "GPU Device Id")
[2021.10.17-23.55.26:401][  0]LogWindows: EnumDisplayDevices:
[2021.10.17-23.55.26:402][  0]LogWindows:    0. 'Intel(R) UHD Graphics' (P:1 D:1)
[2021.10.17-23.55.26:402][  0]LogWindows:    1. 'Intel(R) UHD Graphics' (P:0 D:0)
[2021.10.17-23.55.26:402][  0]LogWindows:    2. 'Intel(R) UHD Graphics' (P:0 D:0)
[2021.10.17-23.55.26:402][  0]LogWindows: DebugString: FoundDriverCount:3 
[2021.10.17-23.55.26:402][  0]LogD3D11RHI:     Adapter Name: Intel(R) UHD Graphics
[2021.10.17-23.55.26:402][  0]LogD3D11RHI:   Driver Version: 27.20.100.9365 (internal:27.20.100.9365, unified:27.20.100.9365)
[2021.10.17-23.55.26:402][  0]LogD3D11RHI:      Driver Date: 3-10-2021
[2021.10.17-23.55.26:402][  0]LogRHI: Texture pool is 1482 MB (70% of 2117 MB)
[2021.10.17-23.55.26:630][  0]LogD3D11RHI: RHI does not have support for 64 bit atomics
[2021.10.17-23.55.26:653][  0]LogD3D11RHI: Intel Extensions support version Full=16777216, Major=1, Minor=0, Revision=0
[2021.10.17-23.55.26:653][  0]LogD3D11RHI: Intel Extensions support version Full=16777217, Major=1, Minor=0, Revision=1
[2021.10.17-23.55.26:654][  0]LogD3D11RHI: Intel Extensions Framework enabled
[2021.10.17-23.55.26:657][  0]LogD3D11RHI: [IntelMetricsDiscovery] Started
[2021.10.17-23.55.26:657][  0]LogD3D11RHI: Async texture creation enabled
[2021.10.17-23.55.26:657][  0]LogD3D11RHI: Array index from any shader is supported
[2021.10.17-23.55.26:667][  0]LogD3D11RHI: GPU Timing Frequency: 19.200000 (Debug: 2 0)
[2021.10.17-23.55.27:012][  0]LogTargetPlatformManager: Display: Loaded TargetPlatform 'AllDesktop'
[2021.10.17-23.55.27:034][  0]LogTargetPlatformManager: Display: Loaded TargetPlatform 'Android'
[2021.10.17-23.55.27:034][  0]LogTargetPlatformManager: Display: Loaded TargetPlatform 'Android_ASTC'
[2021.10.17-23.55.27:034][  0]LogTargetPlatformManager: Display: Loaded TargetPlatform 'Android_DXT'
[2021.10.17-23.55.27:034][  0]LogTargetPlatformManager: Display: Loaded TargetPlatform 'Android_ETC2'
[2021.10.17-23.55.27:035][  0]LogTargetPlatformManager: Display: Loaded TargetPlatform 'AndroidClient'
[2021.10.17-23.55.27:035][  0]LogTargetPlatformManager: Display: Loaded TargetPlatform 'Android_ASTCClient'
[2021.10.17-23.55.27:035][  0]LogTargetPlatformManager: Display: Loaded TargetPlatform 'Android_DXTClient'
[2021.10.17-23.55.27:035][  0]LogTargetPlatformManager: Display: Loaded TargetPlatform 'Android_ETC2Client'
[2021.10.17-23.55.27:035][  0]LogTargetPlatformManager: Display: Loaded TargetPlatform 'Android_Multi'
[2021.10.17-23.55.27:035][  0]LogTargetPlatformManager: Display: Loaded TargetPlatform 'Android_MultiClient'
[2021.10.17-23.55.27:056][  0]LogTargetPlatformManager: Display: Loaded TargetPlatform 'IOSClient'
[2021.10.17-23.55.27:057][  0]LogTargetPlatformManager: Display: Loaded TargetPlatform 'IOS'
[2021.10.17-23.55.27:068][  0]LogTargetPlatformManager: Display: Loaded TargetPlatform 'Linux'
[2021.10.17-23.55.27:073][  0]LogTargetPlatformManager: Display: Loaded TargetPlatform 'LinuxNoEditor'
[2021.10.17-23.55.27:079][  0]LogTargetPlatformManager: Display: Loaded TargetPlatform 'LinuxClient'
[2021.10.17-23.55.27:083][  0]LogTargetPlatformManager: Display: Loaded TargetPlatform 'LinuxServer'
[2021.10.17-23.55.27:095][  0]LogTargetPlatformManager: Display: Loaded TargetPlatform 'LinuxAArch64NoEditor'
[2021.10.17-23.55.27:100][  0]LogTargetPlatformManager: Display: Loaded TargetPlatform 'LinuxAArch64Client'
[2021.10.17-23.55.27:105][  0]LogTargetPlatformManager: Display: Loaded TargetPlatform 'LinuxAArch64Server'
[2021.10.17-23.55.27:138][  0]LogTargetPlatformManager: Display: Loaded TargetPlatform 'Lumin'
[2021.10.17-23.55.27:138][  0]LogTargetPlatformManager: Display: Loaded TargetPlatform 'LuminClient'
[2021.10.17-23.55.27:149][  0]LogTargetPlatformManager: Display: Loaded TargetPlatform 'MacNoEditor'
[2021.10.17-23.55.27:154][  0]LogTargetPlatformManager: Display: Loaded TargetPlatform 'Mac'
[2021.10.17-23.55.27:159][  0]LogTargetPlatformManager: Display: Loaded TargetPlatform 'MacClient'
[2021.10.17-23.55.27:164][  0]LogTargetPlatformManager: Display: Loaded TargetPlatform 'MacServer'
[2021.10.17-23.55.27:176][  0]LogTargetPlatformManager: Display: Loaded TargetPlatform 'TVOSClient'
[2021.10.17-23.55.27:176][  0]LogTargetPlatformManager: Display: Loaded TargetPlatform 'TVOS'
[2021.10.17-23.55.27:188][  0]LogTargetPlatformManager: Display: Loaded TargetPlatform 'WindowsNoEditor'
[2021.10.17-23.55.27:194][  0]LogTargetPlatformManager: Display: Loaded TargetPlatform 'Windows'
[2021.10.17-23.55.27:200][  0]LogTargetPlatformManager: Display: Loaded TargetPlatform 'WindowsClient'
[2021.10.17-23.55.27:206][  0]LogTargetPlatformManager: Display: Loaded TargetPlatform 'WindowsServer'
[2021.10.17-23.55.27:206][  0]LogTargetPlatformManager: Display: Building Assets For Windows
[2021.10.17-23.55.27:219][  0]LogAudioDebug: Display: Lib vorbis DLL was dynamically loaded.
[2021.10.17-23.55.27:269][  0]LogTextureFormatOodle: Display: Oodle Texture 2.9.0 init RDO Off
[2021.10.17-23.55.27:338][  0]LogRendererCore: Ray tracing is disabled. Reason: r.RayTracing=0.
[2021.10.17-23.55.27:338][  0]LogShaderCompilers: Guid format shader working directory is -10 characters bigger than the processId version (D:/Unreal Projects/DIG4720C_Project2/DimensionDestroyer/Intermediate/Shaders/WorkingDirectory/18516/).
[2021.10.17-23.55.27:338][  0]LogShaderCompilers: Cleaned the shader compiler working directory 'C:/Users/Jourd/AppData/Local/Temp/UnrealShaderWorkingDir/A835C9864E58CF29739587A595F250DF/'.
[2021.10.17-23.55.27:338][  0]LogXGEController: Cannot use XGE Controller as Incredibuild is not installed on this machine.
[2021.10.17-23.55.27:338][  0]LogShaderCompilers: Cannot use XGE Shader Compiler as Incredibuild is not installed on this machine.
[2021.10.17-23.55.27:338][  0]LogShaderCompilers: Display: Using Local Shader Compiler.
[2021.10.17-23.55.28:403][  0]LogDerivedDataCache: Display: Max Cache Size: 512 MB
[2021.10.17-23.55.28:532][  0]LogDerivedDataCache: Loaded boot cache 0.13s 103MB C:/Users/Jourd/AppData/Local/UnrealEngine/4.27/DerivedDataCache/Boot.ddc.
[2021.10.17-23.55.28:532][  0]LogDerivedDataCache: Display: Loaded Boot cache: C:/Users/Jourd/AppData/Local/UnrealEngine/4.27/DerivedDataCache/Boot.ddc
[2021.10.17-23.55.28:532][  0]LogDerivedDataCache: FDerivedDataBackendGraph:  Pak pak cache file D:/Unreal Projects/DIG4720C_Project2/DimensionDestroyer/DerivedDataCache/DDC.ddp not found, will not use a pak cache.
[2021.10.17-23.55.28:532][  0]LogDerivedDataCache: Unable to find inner node Pak for hierarchical cache Hierarchy.
[2021.10.17-23.55.28:532][  0]LogDerivedDataCache: FDerivedDataBackendGraph:  CompressedPak pak cache file D:/Unreal Projects/DIG4720C_Project2/DimensionDestroyer/DerivedDataCache/Compressed.ddp not found, will not use a pak cache.
[2021.10.17-23.55.28:532][  0]LogDerivedDataCache: Unable to find inner node CompressedPak for hierarchical cache Hierarchy.
[2021.10.17-23.55.28:555][  0]LogDerivedDataCache: Display: Pak cache opened for reading ../../../Engine/DerivedDataCache/Compressed.ddp.
[2021.10.17-23.55.28:555][  0]LogDerivedDataCache: FDerivedDataBackendGraph:  EnterprisePak pak cache file ../../../Enterprise/DerivedDataCache/Compressed.ddp not found, will not use a pak cache.
[2021.10.17-23.55.28:555][  0]LogDerivedDataCache: Unable to find inner node EnterprisePak for hierarchical cache Hierarchy.
[2021.10.17-23.55.28:568][  0]LogDerivedDataCache: Speed tests for C:/Users/Jourd/AppData/Local/UnrealEngine/Common/DerivedDataCache took 0.01 seconds
[2021.10.17-23.55.28:568][  0]LogDerivedDataCache: Display: Performance to C:/Users/Jourd/AppData/Local/UnrealEngine/Common/DerivedDataCache: Latency=0.18ms. RandomReadSpeed=152.97MBs, RandomWriteSpeed=174.26MBs. Assigned SpeedClass 'Local'
[2021.10.17-23.55.28:569][  0]LogDerivedDataCache: Using Local data cache path C:/Users/Jourd/AppData/Local/UnrealEngine/Common/DerivedDataCache: Writable
[2021.10.17-23.55.28:569][  0]LogDerivedDataCache: Shared data cache path not found in *engine.ini, will not use an Shared cache.
[2021.10.17-23.55.28:569][  0]LogDerivedDataCache: Unable to find inner node Shared for hierarchical cache Hierarchy.
[2021.10.17-23.55.28:622][  0]LogSlate: Using FreeType 2.10.0
[2021.10.17-23.55.28:624][  0]LogSlate: SlateFontServices - WITH_FREETYPE: 1, WITH_HARFBUZZ: 1
[2021.10.17-23.55.28:663][  0]LogAssetRegistry: FAssetRegistry took 0.0034 seconds to start up
[2021.10.17-23.55.28:963][  0]LogInit: Selected Device Profile: [Windows]
[2021.10.17-23.55.28:963][  0]LogInit: Active device profile: [000001A2A3551400][000001A29567F5C0 49] Windows
[2021.10.17-23.55.28:963][  0]LogInit: Profiles: [000001A2A3551400][000001A29567F5C0 49] Windows, [000001A2A34FAA00][000001A2A28FB740 49] WindowsNoEditor, [000001A2A3553100][000001A2A28FF8C0 49] WindowsServer, [000001A2A34DBF00][000001A2A2903A40 49] WindowsClient, [000001A2A34FBC00][000001A2A2907BC0 49] IOS, [000001A2A34D9700][000001A2A290A1C0 49] iPadAir, [000001A2A34FA200][000001A2A290E340 49] iPadAir2, [000001A2A34A8400][000001A2A2916600 49] IPadPro, [000001A2A34A8500][000001A2A2912640 49] iPadAir3, [000001A2A34D9900][000001A2A291A7C0 49] iPadAir4, [000001A2A34AB000][000001A2A291E940 49] iPadMini2, [000001A2A34DBD00][000001A295682A80 49] iPadMini3, [000001A2A34A8D00][000001A2A2922BC0 49] iPadMini4, [000001A2A34D8A00][000001A2A2926D00 49] iPadMini5, [000001A2A348FC00][000001A2A2932FC0 49] iPhone6, [000001A2A348FD00][000001A2A292F000 49] iPodTouch6, [000001A2A34FB300][000001A2A293B2C0 49] iPhone7, [000001A2A34F8D00][000001A2A2937300 49] iPodTouch7, [000001A2A348C300][000001A2A293F480 49] iPhone5S, [000001A2A34AAE00][000001A2A2943600 49] iPhone6Plus, [000001A2A348DF00][000001A2A2947780 49] iPhone6S, [000001A2A34A9300][000001A2A294B900 49] iPhone6SPlus, [000001A2A34FB500][000001A2A294FA80 49] iPhone7Plus, [000001A2A34A9C00][000001A2A2953C00 49] iPhoneSE, [000001A2A34FA100][000001A2A2956200 49] iPhone8, [000001A2A34A9100][000001A2A295A380 49] iPhone8Plus, [000001A2A34FA700][000001A2A295E500 49] iPhoneX, [000001A2A34AAB00][000001A2A2962680 49] iPhoneXS, [000001A2A34FAF00][000001A2A2966800 49] iPhoneXSMax, [000001A2A34A8B00][000001A2A296A980 49] iPhoneXR, [000001A2A34F9F00][000001A2A296EB00 49] iPhone11, [000001A2A34AA300][000001A2A292AC40 49] iPhone11Pro, [000001A2A34F9600][000001A2A2972D80 49] iPhone11ProMax, [000001A2A34AA200][000001A2A2976EC0 49] iPhoneSE2, [000001A2A34F9000][000001A2A297F040 49] iPhone12Mini, [000001A2A34AA600][000001A2A29831C0 49] iPhone12, [000001A2A34F9100][000001A2A2987340 49] iPhone12Pro, [000001A2A34AA100][000001A2A298B4C0 49] iPhone12ProMax, [000001A2A34F9500][000001A2A298F640 49] iPadPro105, [000001A2A34A9E00][000001A2A29937C0 49] iPadPro129, [000001A2A34FBF00][000001A2A2997940 49] iPadPro97, [000001A2A34AB800][000001A2A299BAC0 49] iPadPro2_129, [000001A2A34F8700][000001A2A39B00C0 49] iPad5, [000001A2A34AAA00][000001A2A39B4240 49] iPad6, [000001A2A34F8100][000001A2A39B83C0 49] iPad7, [000001A2A34AB600][000001A2A39BC540 49] iPad8, [000001A2A34FBA00][000001A2A39C06C0 49] iPadPro11, [000001A2A34AA400][000001A2A39C4840 49] iPadPro2_11, [000001A2A34FB200][000001A2A39C89C0 49] iPadPro3_129, [000001A2A34AAF00][000001A2A39CCB40 49] iPadPro4_129, [000001A2A34FA500][000001A2A39D0CC0 49] AppleTV, [000001A2A34ABB00][000001A2A297AE00 49] AppleTV4K, [000001A2A34F9A00][000001A2A39D4F40 49] TVOS, [000001A2A34A9400][000001A2A39D9080 49] Mac, [000001A2A34FA400][000001A2A39DD1C0 49] MacClient, [000001A2A34A8C00][000001A2A39E5340 49] MacNoEditor, [000001A2A34FBE00][000001A2A39E94C0 49] MacServer, [000001A2A34AAD00][000001A2A39ED640 49] Linux, [000001A2A34FB000][000001A2A39F17C0 49] LinuxAArch64, [000001A2A34A8800][000001A2A39F5940 49] LinuxNoEditor, [000001A2A34FB400][000001A2A39F9AC0 49] LinuxAArch64NoEditor, [000001A2A34A8A00][000001A2A39FC0C0 49] LinuxClient, [000001A2A34FB900][000001A2A3A00240 49] LinuxAArch64Client, [000001A2A34A8200][000001A2A3A043C0 49] LinuxServer, [000001A2A34F9900][000001A2A3A08540 49] LinuxAArch64Server, [000001A2A34ABC00][000001A2A3A0C6C0 49] Android, [000001A2A34F8300][000001A2A3A10840 49] Android_Low, [000001A2A34A9200][000001A2A3A149C0 49] Android_Mid, [000001A2A34F8F00][000001A2A3A18B40 49] Android_High, [000001A2A3552500][000001A2A3A1CCC0 49] Android_Default, [000001A2A348CF00][000001A2A3A20E40 49] Android_Adreno4xx, [000001A2A3552400][000001A2A39E0F80 49] Android_Adreno5xx_Low, [000001A2A348DD00][000001A2A3A250C0 49] Android_Adreno5xx, [000001A2A3552B00][000001A2A3A29200 49] Android_Adreno6xx, [000001A2A348CD00][000001A2A3A2D340 49] Android_Adreno6xx_Vulkan, [000001A2A3553300][000001A2A3A354C0 49] Android_Mali_T6xx, [000001A2A348FA00][000001A2A3A39640 49] Android_Mali_T7xx, [000001A2A3552900][000001A2A3A3D7C0 49] Android_Mali_T8xx, [000001A2A348C800][000001A2A3A41940 49] Android_Mali_G71, [000001A2A3551200][000001A2A3A45AC0 49] Android_Mali_G72, [000001A2A348E300][000001A2A3A480C0 49] Android_Mali_G72_Vulkan, [000001A2A3550C00][000001A2A3A4C240 49] Android_Mali_G76, [000001A2A348C600][000001A2A3A503C0 49] Android_Mali_G76_Vulkan, [000001A2A3551D00][000001A2A3A54540 49] Android_Mali_G77, [000001A2A348E500][000001A2A3A586C0 49] Android_Mali_G77_Vulkan, [000001A2A3551700][000001A2A3A5C840 49] Android_Mali_G78, [000001A2A348F100][000001A2A3A609C0 49] Android_Mali_G78_Vulkan, [000001A2A3551E00][000001A2A3A64B40 49] Android_Mali_G710, [000001A2A348F300][000001A2A3A68CC0 49] Android_Mali_G710_Vulkan, [000001A2A3551900][000001A2A3A6CE40 49] Android_Vulkan_SM5, [000001A2A348D500][000001A2A3A70FC0 49] Android_PowerVR_G6xxx, [000001A2A3550700][000001A2A3A75140 49] Android_PowerVR_GT7xxx, [000001A2A348D100][000001A2A3A31280 49] Android_PowerVR_GE8xxx, [000001A2A3550100][000001A2A3A793C0 49] Android_PowerVR_GM9xxx, [000001A2A348DE00][000001A2A3A7D500 49] Android_PowerVR_GM9xxx_Vulkan, [000001A2A3552800][000001A2A3A85680 49] Android_TegraK1, [000001A2A34F8E00][000001A2A3A89800 49] Android_Unknown_Vulkan, [000001A2A3550600][000001A2A3A8D980 49] Lumin, [000001A2A34FB800][000001A2A3A91B00 49] Lumin_Desktop, [000001A2A3552700][000001A2A3A94100 49] HoloLens, 
[2021.10.17-23.55.29:166][  0]LogMeshReduction: Using QuadricMeshReduction for automatic static mesh reduction
[2021.10.17-23.55.29:166][  0]LogMeshReduction: Using SimplygonMeshReduction for automatic skeletal mesh reduction
[2021.10.17-23.55.29:167][  0]LogMeshReduction: Using ProxyLODMeshReduction for automatic mesh merging
[2021.10.17-23.55.29:167][  0]LogMeshReduction: No distributed automatic mesh merging module available
[2021.10.17-23.55.29:167][  0]LogMeshMerging: No distributed automatic mesh merging module available
[2021.10.17-23.55.29:189][  0]LogNetVersion: DimensionDestroyer 1.0.0, NetCL: 17155196, EngineNetVer: 17, GameNetVer: 0 (Checksum: 790797335)
[2021.10.17-23.55.29:760][  0]LogTexture: Default maximum texture size for cubemaps generated from long-lat sources has been changed from 512 to unlimited. In order to preserve old behaiour for '/Engine/MapTemplates/Sky/DaylightAmbientCubemap.DaylightAmbientCubemap', its maximum texture size has been explicitly set to 512.
[2021.10.17-23.55.29:867][  0]LogHMD: PokeAHoleMaterial loaded successfully
[2021.10.17-23.55.29:874][  0]LogUObjectArray: 17983 objects as part of root set at end of initial load.
[2021.10.17-23.55.29:874][  0]LogUObjectAllocator: 4627808 out of 0 bytes used by permanent object pool.
[2021.10.17-23.55.29:874][  0]LogUObjectArray: CloseDisregardForGC: 0/0 objects in disregard for GC pool
[2021.10.17-23.55.30:097][  0]LogNiagaraDebuggerClient: Niagara Debugger Client Initialized | Session: 93DF93494E1FBAB123A408AE0FC8B049 | Instance: FE2F2223440EB382186BDBA3DE979E8F (DESKTOP-DP99S4G-18516).
[2021.10.17-23.55.30:290][  0]LogStreaming: Warning: Failed to read file '../../../Engine/Content/Editor/Slate/Niagara/MenuSeparator.png' error.
[2021.10.17-23.55.30:290][  0]LogSlate: Could not find file for Slate resource: ../../../Engine/Content/Editor/Slate/Niagara/MenuSeparator.png
[2021.10.17-23.55.30:290][  0]LogStreaming: Warning: Failed to read file '../../../Engine/Content/Editor/Slate/Niagara/Common/Selector.png' error.
[2021.10.17-23.55.30:290][  0]LogSlate: Could not find file for Slate resource: ../../../Engine/Content/Editor/Slate/Niagara/Common/Selector.png
[2021.10.17-23.55.30:290][  0]LogStreaming: Warning: Failed to read file '../../../Engine/Content/Editor/Slate/Niagara/Common/Selection.png' error.
[2021.10.17-23.55.30:290][  0]LogSlate: Could not find file for Slate resource: ../../../Engine/Content/Editor/Slate/Niagara/Common/Selection.png
[2021.10.17-23.55.30:290][  0]LogStreaming: Warning: Failed to read file '../../../Engine/Content/Editor/Slate/Niagara/Common/DropZoneIndicator_Above.png' error.
[2021.10.17-23.55.30:290][  0]LogSlate: Could not find file for Slate resource: ../../../Engine/Content/Editor/Slate/Niagara/Common/DropZoneIndicator_Above.png
[2021.10.17-23.55.30:290][  0]LogStreaming: Warning: Failed to read file '../../../Engine/Content/Editor/Slate/Niagara/Common/DropZoneIndicator_Onto.png' error.
[2021.10.17-23.55.30:290][  0]LogSlate: Could not find file for Slate resource: ../../../Engine/Content/Editor/Slate/Niagara/Common/DropZoneIndicator_Onto.png
[2021.10.17-23.55.30:290][  0]LogStreaming: Warning: Failed to read file '../../../Engine/Content/Editor/Slate/Niagara/Common/DropZoneIndicator_Below.png' error.
[2021.10.17-23.55.30:290][  0]LogSlate: Could not find file for Slate resource: ../../../Engine/Content/Editor/Slate/Niagara/Common/DropZoneIndicator_Below.png
[2021.10.17-23.55.30:290][  0]LogStreaming: Warning: Failed to read file '../../../Engine/Content/Editor/Slate/Niagara/Common/RoundedSelection_16x.png' error.
[2021.10.17-23.55.30:290][  0]LogSlate: Could not find file for Slate resource: ../../../Engine/Content/Editor/Slate/Niagara/Common/RoundedSelection_16x.png
[2021.10.17-23.55.30:290][  0]LogStreaming: Warning: Failed to read file '../../../Engine/Content/Editor/Slate/Niagara/Common/FlatButton.png' error.
[2021.10.17-23.55.30:290][  0]LogSlate: Could not find file for Slate resource: ../../../Engine/Content/Editor/Slate/Niagara/Common/FlatButton.png
[2021.10.17-23.55.30:290][  0]LogImageWrapper: Warning: PNG Warning: Duplicate iCCP chunk
[2021.10.17-23.55.30:290][  0]LogImageWrapper: Warning: PNG Warning: Duplicate iCCP chunk
[2021.10.17-23.55.30:290][  0]LogPython: Using Python 3.7.7
[2021.10.17-23.55.31:075][  0]LogUdpMessaging: Initializing bridge on interface 0.0.0.0:0 to multicast group 230.0.0.1:6666.
[2021.10.17-23.55.31:083][  0]LogTcpMessaging: Initializing TcpMessaging bridge
[2021.10.17-23.55.31:328][  0]SourceControl: Source control is disabled
[2021.10.17-23.55.31:329][  0]SourceControl: Source control is disabled
[2021.10.17-23.55.31:332][  0]SourceControl: Source control is disabled
[2021.10.17-23.55.31:339][  0]SourceControl: Source control is disabled
[2021.10.17-23.55.31:350][  0]SourceControl: Source control is disabled
[2021.10.17-23.55.31:386][  0]LogUProjectInfo: Found projects:
[2021.10.17-23.55.31:562][  0]LogOpenImageDenoise: OIDN starting up
[2021.10.17-23.55.31:695][  0]LogAndroidPermission: UAndroidPermissionCallbackProxy::GetInstance
[2021.10.17-23.55.31:726][  0]LogAudioCaptureCore: Display: No Audio Capture implementations found. Audio input will be silent.
[2021.10.17-23.55.31:726][  0]LogAudioCaptureCore: Display: No Audio Capture implementations found. Audio input will be silent.
[2021.10.17-23.55.31:891][  0]LogCollectionManager: Loaded 0 collections in 0.001676 seconds
[2021.10.17-23.55.31:921][  0]LogFileCache: Scanning file cache for directory 'D:/Unreal Projects/DIG4720C_Project2/DimensionDestroyer/Saved/Collections/' took 0.00s
[2021.10.17-23.55.31:921][  0]LogFileCache: Scanning file cache for directory 'D:/Unreal Projects/DIG4720C_Project2/DimensionDestroyer/Content/Developers/Jourd/Collections/' took 0.00s
[2021.10.17-23.55.31:921][  0]LogFileCache: Scanning file cache for directory 'D:/Unreal Projects/DIG4720C_Project2/DimensionDestroyer/Content/Collections/' took 0.00s
[2021.10.17-23.55.31:921][  0]LogOcInput: OculusInput pre-init called
[2021.10.17-23.55.32:122][  0]LogStreaming: Warning: Failed to read file '../../../Engine/Content/Editor/Slate/Niagara/MenuSeparator.png' error.
[2021.10.17-23.55.32:122][  0]LogSlate: Could not find file for Slate resource: ../../../Engine/Content/Editor/Slate/Niagara/MenuSeparator.png
[2021.10.17-23.55.32:122][  0]LogStreaming: Warning: Failed to read file '../../../Engine/Content/Editor/Slate/Niagara/Common/Selector.png' error.
[2021.10.17-23.55.32:122][  0]LogSlate: Could not find file for Slate resource: ../../../Engine/Content/Editor/Slate/Niagara/Common/Selector.png
[2021.10.17-23.55.32:122][  0]LogStreaming: Warning: Failed to read file '../../../Engine/Content/Editor/Slate/Niagara/Common/Selection.png' error.
[2021.10.17-23.55.32:122][  0]LogSlate: Could not find file for Slate resource: ../../../Engine/Content/Editor/Slate/Niagara/Common/Selection.png
[2021.10.17-23.55.32:122][  0]LogStreaming: Warning: Failed to read file '../../../Engine/Content/Editor/Slate/Niagara/Common/DropZoneIndicator_Above.png' error.
[2021.10.17-23.55.32:122][  0]LogSlate: Could not find file for Slate resource: ../../../Engine/Content/Editor/Slate/Niagara/Common/DropZoneIndicator_Above.png
[2021.10.17-23.55.32:122][  0]LogStreaming: Warning: Failed to read file '../../../Engine/Content/Editor/Slate/Niagara/Common/DropZoneIndicator_Onto.png' error.
[2021.10.17-23.55.32:122][  0]LogSlate: Could not find file for Slate resource: ../../../Engine/Content/Editor/Slate/Niagara/Common/DropZoneIndicator_Onto.png
[2021.10.17-23.55.32:122][  0]LogStreaming: Warning: Failed to read file '../../../Engine/Content/Editor/Slate/Niagara/Common/DropZoneIndicator_Below.png' error.
[2021.10.17-23.55.32:123][  0]LogSlate: Could not find file for Slate resource: ../../../Engine/Content/Editor/Slate/Niagara/Common/DropZoneIndicator_Below.png
[2021.10.17-23.55.32:123][  0]LogStreaming: Warning: Failed to read file '../../../Engine/Content/Editor/Slate/Niagara/Common/RoundedSelection_16x.png' error.
[2021.10.17-23.55.32:123][  0]LogSlate: Could not find file for Slate resource: ../../../Engine/Content/Editor/Slate/Niagara/Common/RoundedSelection_16x.png
[2021.10.17-23.55.32:123][  0]LogStreaming: Warning: Failed to read file '../../../Engine/Content/Editor/Slate/Niagara/Common/FlatButton.png' error.
[2021.10.17-23.55.32:123][  0]LogSlate: Could not find file for Slate resource: ../../../Engine/Content/Editor/Slate/Niagara/Common/FlatButton.png
[2021.10.17-23.55.32:123][  0]LogImageWrapper: Warning: PNG Warning: Duplicate iCCP chunk
[2021.10.17-23.55.32:123][  0]LogImageWrapper: Warning: PNG Warning: Duplicate iCCP chunk
[2021.10.17-23.55.32:203][  0]LogEngine: Initializing Engine...
[2021.10.17-23.55.32:210][  0]LogHMD: Failed to enumerate extensions. Please check that you have a valid OpenXR runtime installed.
[2021.10.17-23.55.32:210][  0]LogHMD: Failed to initialize OpenVR with code 110
[2021.10.17-23.55.32:210][  0]LogMagicLeap: Warning: VR disabled because ZI is not enabled.  To enable, in the editor, Edit -> Project Settings -> Plugins -> Magic Leap Plugin -> Enable Zero Iteration
[2021.10.17-23.55.32:212][  0]LogStats: UGameplayTagsManager::InitializeManager -  0.001 s
[2021.10.17-23.55.32:406][  0]LogInit: Initializing FReadOnlyCVARCache
[2021.10.17-23.55.32:428][  0]LogAIModule: Creating AISystem for world Untitled
[2021.10.17-23.55.32:451][  0]LogAudio: Display: Initializing Audio Device Manager...
[2021.10.17-23.55.32:456][  0]LogAudio: Display: Loading Default Audio Settings Objects...
[2021.10.17-23.55.32:457][  0]LogAudio: Display: No default SoundConcurrencyObject specified (or failed to load).
[2021.10.17-23.55.32:459][  0]LogAudio: Display: Audio Device Manager Initialized
[2021.10.17-23.55.32:459][  0]LogAudio: Display: Creating Audio Device:                 Id: 1, Scope: Shared, Realtime: True
[2021.10.17-23.55.32:459][  0]LogAudioMixer: Display: Audio Mixer Platform Settings:
[2021.10.17-23.55.32:459][  0]LogAudioMixer: Display: 	Sample Rate:						  48000
[2021.10.17-23.55.32:459][  0]LogAudioMixer: Display: 	Callback Buffer Frame Size Requested: 1024
[2021.10.17-23.55.32:459][  0]LogAudioMixer: Display: 	Callback Buffer Frame Size To Use:	  1024
[2021.10.17-23.55.32:459][  0]LogAudioMixer: Display: 	Number of buffers to queue:			  2
[2021.10.17-23.55.32:459][  0]LogAudioMixer: Display: 	Max Channels (voices):				  32
[2021.10.17-23.55.32:459][  0]LogAudioMixer: Display: 	Number of Async Source Workers:		  0
[2021.10.17-23.55.32:459][  0]LogAudio: Display: AudioDevice MaxSources: 32
[2021.10.17-23.55.32:459][  0]LogAudio: Display: Audio Spatialization Plugin: None (built-in).
[2021.10.17-23.55.32:459][  0]LogAudio: Display: Audio Reverb Plugin: None (built-in).
[2021.10.17-23.55.32:460][  0]LogAudio: Display: Audio Occlusion Plugin: None (built-in).
[2021.10.17-23.55.32:460][  0]LogAudioMixer: Display: Initializing audio mixer.
[2021.10.17-23.55.32:479][  0]LogAudioMixer: Display: 0: FrontLeft
[2021.10.17-23.55.32:479][  0]LogAudioMixer: Display: 1: FrontRight
[2021.10.17-23.55.32:494][  0]LogAudioMixer: Display: Using Audio Device Headphones (Cirrus Logic Superior High Definition Audio)
[2021.10.17-23.55.32:498][  0]LogAudioMixer: Display: Initializing Sound Submixes...
[2021.10.17-23.55.32:501][  0]LogAudioMixer: Display: Creating Master Submix 'MasterSubmixDefault'
[2021.10.17-23.55.32:501][  0]LogAudioMixer: Display: Creating Master Submix 'MasterReverbSubmixDefault'
[2021.10.17-23.55.32:502][  0]LogAudioMixer: Display: Creating Master Submix 'MasterEQSubmixDefault'
[2021.10.17-23.55.32:502][  0]LogAudioMixer: FMixerPlatformXAudio2::StartAudioStream() called
[2021.10.17-23.55.32:502][  0]LogAudioMixer: Display: Output buffers initialized: Frames=1024, Channels=2, Samples=2048
[2021.10.17-23.55.32:503][  0]LogAudioMixer: Display: Starting AudioMixerPlatformInterface::RunInternal()
[2021.10.17-23.55.32:503][  0]LogAudioMixer: Display: FMixerPlatformXAudio2::SubmitBuffer() called for the first time
[2021.10.17-23.55.32:503][  0]LogInit: FAudioDevice initialized.
[2021.10.17-23.55.32:504][  0]LogAudio: Display: Audio Device (ID: 1) registered with world 'Untitled'.
[2021.10.17-23.55.32:504][  0]LogNetVersion: Set ProjectVersion to 1.0.0.0. Version Checksum will be recalculated on next use.
[2021.10.17-23.55.32:564][  0]LogDerivedDataCache: Saved boot cache 0.06s 96MB C:/Users/Jourd/AppData/Local/UnrealEngine/4.27/DerivedDataCache/Boot.ddc.
[2021.10.17-23.55.32:564][  0]LogInit: Texture streaming: Enabled
[2021.10.17-23.55.32:580][  0]LogAnalytics: Display: [UEEditor.Rocket.Release] APIServer = https://datarouter.ol.epicgames.com/. AppVersion = 4.27.0-17155196+++UE4+Release-4.27
[2021.10.17-23.55.32:585][  0]LogEngineSessionManager: EngineSessionManager initialized
[2021.10.17-23.55.32:585][  0]LogEditorSessionSummary: Verbose: Initializing EditorSessionSummaryWriter for editor session tracking
[2021.10.17-23.55.32:587][  0]LogEditorSessionSummary: EditorSessionSummaryWriter initialized
[2021.10.17-23.55.33:666][  0]LogInit: Transaction tracking system initialized
[2021.10.17-23.55.33:701][  0]BlueprintLog: New page: Editor Load
[2021.10.17-23.55.33:831][  0]LocalizationService: Localization service is disabled
[2021.10.17-23.55.33:898][  0]TimingProfiler: Initialize
[2021.10.17-23.55.33:899][  0]TimingProfiler: OnSessionChanged
[2021.10.17-23.55.33:899][  0]LoadingProfiler: Initialize
[2021.10.17-23.55.33:899][  0]LoadingProfiler: OnSessionChanged
[2021.10.17-23.55.33:899][  0]NetworkingProfiler: Initialize
[2021.10.17-23.55.33:899][  0]NetworkingProfiler: OnSessionChanged
[2021.10.17-23.55.33:899][  0]MemoryProfiler: Initialize
[2021.10.17-23.55.33:899][  0]MemoryProfiler: OnSessionChanged
[2021.10.17-23.55.34:156][  0]LogCook: Display: CookSettings for Memory: MemoryMaxUsedVirtual 0MiB, MemoryMaxUsedPhysical 16384MiB, MemoryMinFreeVirtual 0MiB, MemoryMinFreePhysical 1024MiB
[2021.10.17-23.55.34:156][  0]LogCook: Display: Mobile HDR setting 1
[2021.10.17-23.55.34:467][  0]LogFileCache: Scanning file cache for directory 'D:/Unreal Projects/DIG4720C_Project2/DimensionDestroyer/Content/' took 0.01s
[2021.10.17-23.55.34:587][  0]LogStreaming: Warning: Failed to read file '../../../Engine/Content/Editor/Slate/Niagara/MenuSeparator.png' error.
[2021.10.17-23.55.34:587][  0]LogSlate: Could not find file for Slate resource: ../../../Engine/Content/Editor/Slate/Niagara/MenuSeparator.png
[2021.10.17-23.55.34:587][  0]LogStreaming: Warning: Failed to read file '../../../Engine/Content/Editor/Slate/Niagara/Common/Selector.png' error.
[2021.10.17-23.55.34:587][  0]LogStreaming: Warning: Failed to read file '../../../Engine/Content/Editor/Slate/Niagara/Common/Selection.png' error.
[2021.10.17-23.55.34:587][  0]LogSlate: Could not find file for Slate resource: ../../../Engine/Content/Editor/Slate/Niagara/Common/Selection.png
[2021.10.17-23.55.34:587][  0]LogSlate: Could not find file for Slate resource: ../../../Engine/Content/Editor/Slate/Niagara/Common/Selector.png
[2021.10.17-23.55.34:587][  0]LogStreaming: Warning: Failed to read file '../../../Engine/Content/Editor/Slate/Niagara/Common/DropZoneIndicator_Above.png' error.
[2021.10.17-23.55.34:587][  0]LogSlate: Could not find file for Slate resource: ../../../Engine/Content/Editor/Slate/Niagara/Common/DropZoneIndicator_Above.png
[2021.10.17-23.55.34:587][  0]LogStreaming: Warning: Failed to read file '../../../Engine/Content/Editor/Slate/Niagara/Common/DropZoneIndicator_Onto.png' error.
[2021.10.17-23.55.34:587][  0]LogSlate: Could not find file for Slate resource: ../../../Engine/Content/Editor/Slate/Niagara/Common/DropZoneIndicator_Onto.png
[2021.10.17-23.55.34:587][  0]LogStreaming: Warning: Failed to read file '../../../Engine/Content/Editor/Slate/Niagara/Common/DropZoneIndicator_Below.png' error.
[2021.10.17-23.55.34:587][  0]LogSlate: Could not find file for Slate resource: ../../../Engine/Content/Editor/Slate/Niagara/Common/DropZoneIndicator_Below.png
[2021.10.17-23.55.34:587][  0]LogStreaming: Warning: Failed to read file '../../../Engine/Content/Editor/Slate/Niagara/Common/RoundedSelection_16x.png' error.
[2021.10.17-23.55.34:587][  0]LogSlate: Could not find file for Slate resource: ../../../Engine/Content/Editor/Slate/Niagara/Common/RoundedSelection_16x.png
[2021.10.17-23.55.34:587][  0]LogStreaming: Warning: Failed to read file '../../../Engine/Content/Editor/Slate/Niagara/Common/FlatButton.png' error.
[2021.10.17-23.55.34:587][  0]LogSlate: Could not find file for Slate resource: ../../../Engine/Content/Editor/Slate/Niagara/Common/FlatButton.png
[2021.10.17-23.55.34:658][  0]LogImageWrapper: Warning: PNG Warning: Duplicate iCCP chunk
[2021.10.17-23.55.34:658][  0]LogImageWrapper: Warning: PNG Warning: Duplicate iCCP chunk
[2021.10.17-23.55.34:658][  0]LogInit: Display: Engine is initialized. Leaving FEngineLoop::Init()
[2021.10.17-23.55.34:663][  0]SourceControl: Source control is disabled
[2021.10.17-23.55.34:663][  0]LogUnrealEdMisc: Loading editor; pre map load, took 11.581
[2021.10.17-23.55.34:664][  0]Cmd: MAP LOAD FILE="D:/Unreal Projects/DIG4720C_Project2/DimensionDestroyer/Content/Maps/Lvl_Sandbox.umap" TEMPLATE=0 SHOWPROGRESS=1 FEATURELEVEL=3
[2021.10.17-23.55.34:664][  0]LogEditorServer: Warning: Can't find file 'D:/Unreal Projects/DIG4720C_Project2/DimensionDestroyer/Content/Maps/Lvl_Sandbox.umap'
[2021.10.17-23.55.34:665][  0]Cmd: MAP CHECKDEP NOCLEARLOG
[2021.10.17-23.55.34:665][  0]MapCheck: Map check complete: 0 Error(s), 0 Warning(s), took 0.112ms to complete.
[2021.10.17-23.55.34:665][  0]LogFileHelpers: Loading map 'Lvl_Sandbox' took 0.001
[2021.10.17-23.55.34:667][  0]LogUnrealEdMisc: Total Editor Startup Time, took 11.585
[2021.10.17-23.55.34:807][  0]LogSlate: Updating window title bar state: overlay mode, drag disabled, window buttons hidden, title bar hidden
[2021.10.17-23.55.34:813][  0]LogSlate: Updating window title bar state: overlay mode, drag disabled, window buttons hidden, title bar hidden
[2021.10.17-23.55.34:820][  0]LogSlate: Updating window title bar state: overlay mode, drag disabled, window buttons hidden, title bar hidden
[2021.10.17-23.55.34:826][  0]LogSlate: Updating window title bar state: overlay mode, drag disabled, window buttons hidden, title bar hidden
[2021.10.17-23.55.34:844][  0]LogNativeClassHierarchy: Verbose: Native class hierarchy populated in 0.0102 seconds. Added 3880 classes and 940 folders.
[2021.10.17-23.55.34:849][  0]LogNativeClassHierarchy: Verbose: Native class hierarchy updated for 'WidgetCarousel' in 0.0003 seconds. Added 0 classes and 0 folders.
[2021.10.17-23.55.34:854][  0]LogPakFile: PakFile PrimaryIndexSize=187
[2021.10.17-23.55.34:854][  0]LogPakFile: PakFile PathHashIndexSize=101
[2021.10.17-23.55.34:854][  0]LogPakFile: PakFile FullDirectoryIndexSize=148
[2021.10.17-23.55.34:855][  0]LogShaderLibrary: Display: ShaderCodeLibraryPakFileMountedCallback: PakFile 'C:/Program Files/Epic Games/UE_4.27/FeaturePacks/FP_FirstPerson.upack' (chunk index -1, root 'root:/') mounted
[2021.10.17-23.55.34:855][  0]LogShaderLibrary: Display: ShaderCodeLibraryPakFileMountedCallback: pending pak file info (ChunkID:-1 Root:root:/ File:C:/Program Files/Epic Games/UE_4.27/FeaturePacks/FP_FirstPerson.upack)
[2021.10.17-23.55.34:855][  0]LogPakFile: OnPakFileMounted2Time == 0.000375
[2021.10.17-23.55.34:858][  0]LogPakFile: PakFile PrimaryIndexSize=189
[2021.10.17-23.55.34:858][  0]LogPakFile: PakFile PathHashIndexSize=101
[2021.10.17-23.55.34:858][  0]LogPakFile: PakFile FullDirectoryIndexSize=152
[2021.10.17-23.55.34:858][  0]LogShaderLibrary: Display: ShaderCodeLibraryPakFileMountedCallback: PakFile 'C:/Program Files/Epic Games/UE_4.27/FeaturePacks/FP_FirstPersonBP.upack' (chunk index -1, root 'root:/') mounted
[2021.10.17-23.55.34:858][  0]LogShaderLibrary: Display: ShaderCodeLibraryPakFileMountedCallback: pending pak file info (ChunkID:-1 Root:root:/ File:C:/Program Files/Epic Games/UE_4.27/FeaturePacks/FP_FirstPersonBP.upack)
[2021.10.17-23.55.34:858][  0]LogPakFile: OnPakFileMounted2Time == 0.000041
[2021.10.17-23.55.34:859][  0]LogPakFile: PakFile PrimaryIndexSize=191
[2021.10.17-23.55.34:859][  0]LogPakFile: PakFile PathHashIndexSize=101
[2021.10.17-23.55.34:859][  0]LogPakFile: PakFile FullDirectoryIndexSize=160
[2021.10.17-23.55.34:859][  0]LogShaderLibrary: Display: ShaderCodeLibraryPakFileMountedCallback: PakFile 'C:/Program Files/Epic Games/UE_4.27/FeaturePacks/MobileStarterContent.upack' (chunk index -1, root 'root:/') mounted
[2021.10.17-23.55.34:859][  0]LogShaderLibrary: Display: ShaderCodeLibraryPakFileMountedCallback: pending pak file info (ChunkID:-1 Root:root:/ File:C:/Program Files/Epic Games/UE_4.27/FeaturePacks/MobileStarterContent.upack)
[2021.10.17-23.55.34:859][  0]LogPakFile: OnPakFileMounted2Time == 0.000032
[2021.10.17-23.55.34:860][  0]LogPakFile: PakFile PrimaryIndexSize=185
[2021.10.17-23.55.34:860][  0]LogPakFile: PakFile PathHashIndexSize=101
[2021.10.17-23.55.34:860][  0]LogPakFile: PakFile FullDirectoryIndexSize=148
[2021.10.17-23.55.34:860][  0]LogShaderLibrary: Display: ShaderCodeLibraryPakFileMountedCallback: PakFile 'C:/Program Files/Epic Games/UE_4.27/FeaturePacks/StarterContent.upack' (chunk index -1, root 'root:/') mounted
[2021.10.17-23.55.34:860][  0]LogShaderLibrary: Display: ShaderCodeLibraryPakFileMountedCallback: pending pak file info (ChunkID:-1 Root:root:/ File:C:/Program Files/Epic Games/UE_4.27/FeaturePacks/StarterContent.upack)
[2021.10.17-23.55.34:860][  0]LogPakFile: OnPakFileMounted2Time == 0.000034
[2021.10.17-23.55.34:861][  0]LogPakFile: PakFile PrimaryIndexSize=190
[2021.10.17-23.55.34:861][  0]LogPakFile: PakFile PathHashIndexSize=101
[2021.10.17-23.55.34:861][  0]LogPakFile: PakFile FullDirectoryIndexSize=154
[2021.10.17-23.55.34:861][  0]LogShaderLibrary: Display: ShaderCodeLibraryPakFileMountedCallback: PakFile 'C:/Program Files/Epic Games/UE_4.27/FeaturePacks/TP_2DSideScroller.upack' (chunk index -1, root 'root:/') mounted
[2021.10.17-23.55.34:861][  0]LogShaderLibrary: Display: ShaderCodeLibraryPakFileMountedCallback: pending pak file info (ChunkID:-1 Root:root:/ File:C:/Program Files/Epic Games/UE_4.27/FeaturePacks/TP_2DSideScroller.upack)
[2021.10.17-23.55.34:861][  0]LogPakFile: OnPakFileMounted2Time == 0.000051
[2021.10.17-23.55.34:862][  0]LogPakFile: PakFile PrimaryIndexSize=192
[2021.10.17-23.55.34:862][  0]LogPakFile: PakFile PathHashIndexSize=101
[2021.10.17-23.55.34:862][  0]LogPakFile: PakFile FullDirectoryIndexSize=158
[2021.10.17-23.55.34:862][  0]LogShaderLibrary: Display: ShaderCodeLibraryPakFileMountedCallback: PakFile 'C:/Program Files/Epic Games/UE_4.27/FeaturePacks/TP_2DSideScrollerBP.upack' (chunk index -1, root 'root:/') mounted
[2021.10.17-23.55.34:862][  0]LogShaderLibrary: Display: ShaderCodeLibraryPakFileMountedCallback: pending pak file info (ChunkID:-1 Root:root:/ File:C:/Program Files/Epic Games/UE_4.27/FeaturePacks/TP_2DSideScrollerBP.upack)
[2021.10.17-23.55.34:862][  0]LogPakFile: OnPakFileMounted2Time == 0.000031
[2021.10.17-23.55.34:863][  0]LogPakFile: PakFile PrimaryIndexSize=182
[2021.10.17-23.55.34:863][  0]LogPakFile: PakFile PathHashIndexSize=101
[2021.10.17-23.55.34:863][  0]LogPakFile: PakFile FullDirectoryIndexSize=138
[2021.10.17-23.55.34:863][  0]LogShaderLibrary: Display: ShaderCodeLibraryPakFileMountedCallback: PakFile 'C:/Program Files/Epic Games/UE_4.27/FeaturePacks/TP_Flying.upack' (chunk index -1, root 'root:/') mounted
[2021.10.17-23.55.34:863][  0]LogShaderLibrary: Display: ShaderCodeLibraryPakFileMountedCallback: pending pak file info (ChunkID:-1 Root:root:/ File:C:/Program Files/Epic Games/UE_4.27/FeaturePacks/TP_Flying.upack)
[2021.10.17-23.55.34:863][  0]LogPakFile: OnPakFileMounted2Time == 0.000048
[2021.10.17-23.55.34:865][  0]LogPakFile: PakFile PrimaryIndexSize=184
[2021.10.17-23.55.34:865][  0]LogPakFile: PakFile PathHashIndexSize=101
[2021.10.17-23.55.34:865][  0]LogPakFile: PakFile FullDirectoryIndexSize=142
[2021.10.17-23.55.34:865][  0]LogShaderLibrary: Display: ShaderCodeLibraryPakFileMountedCallback: PakFile 'C:/Program Files/Epic Games/UE_4.27/FeaturePacks/TP_FlyingBP.upack' (chunk index -1, root 'root:/') mounted
[2021.10.17-23.55.34:865][  0]LogShaderLibrary: Display: ShaderCodeLibraryPakFileMountedCallback: pending pak file info (ChunkID:-1 Root:root:/ File:C:/Program Files/Epic Games/UE_4.27/FeaturePacks/TP_FlyingBP.upack)
[2021.10.17-23.55.34:865][  0]LogPakFile: OnPakFileMounted2Time == 0.000037
[2021.10.17-23.55.34:866][  0]LogPakFile: PakFile PrimaryIndexSize=188
[2021.10.17-23.55.34:866][  0]LogPakFile: PakFile PathHashIndexSize=101
[2021.10.17-23.55.34:866][  0]LogPakFile: PakFile FullDirectoryIndexSize=150
[2021.10.17-23.55.34:866][  0]LogShaderLibrary: Display: ShaderCodeLibraryPakFileMountedCallback: PakFile 'C:/Program Files/Epic Games/UE_4.27/FeaturePacks/TP_HandheldARBP.upack' (chunk index -1, root 'root:/') mounted
[2021.10.17-23.55.34:866][  0]LogShaderLibrary: Display: ShaderCodeLibraryPakFileMountedCallback: pending pak file info (ChunkID:-1 Root:root:/ File:C:/Program Files/Epic Games/UE_4.27/FeaturePacks/TP_HandheldARBP.upack)
[2021.10.17-23.55.34:866][  0]LogPakFile: OnPakFileMounted2Time == 0.000035
[2021.10.17-23.55.34:869][  0]LogPakFile: PakFile PrimaryIndexSize=182
[2021.10.17-23.55.34:869][  0]LogPakFile: PakFile PathHashIndexSize=101
[2021.10.17-23.55.34:869][  0]LogPakFile: PakFile FullDirectoryIndexSize=138
[2021.10.17-23.55.34:869][  0]LogShaderLibrary: Display: ShaderCodeLibraryPakFileMountedCallback: PakFile 'C:/Program Files/Epic Games/UE_4.27/FeaturePacks/TP_Puzzle.upack' (chunk index -1, root 'root:/') mounted
[2021.10.17-23.55.34:869][  0]LogShaderLibrary: Display: ShaderCodeLibraryPakFileMountedCallback: pending pak file info (ChunkID:-1 Root:root:/ File:C:/Program Files/Epic Games/UE_4.27/FeaturePacks/TP_Puzzle.upack)
[2021.10.17-23.55.34:869][  0]LogPakFile: OnPakFileMounted2Time == 0.000040
[2021.10.17-23.55.34:870][  0]LogPakFile: PakFile PrimaryIndexSize=184
[2021.10.17-23.55.34:870][  0]LogPakFile: PakFile PathHashIndexSize=101
[2021.10.17-23.55.34:870][  0]LogPakFile: PakFile FullDirectoryIndexSize=142
[2021.10.17-23.55.34:870][  0]LogShaderLibrary: Display: ShaderCodeLibraryPakFileMountedCallback: PakFile 'C:/Program Files/Epic Games/UE_4.27/FeaturePacks/TP_PuzzleBP.upack' (chunk index -1, root 'root:/') mounted
[2021.10.17-23.55.34:870][  0]LogShaderLibrary: Display: ShaderCodeLibraryPakFileMountedCallback: pending pak file info (ChunkID:-1 Root:root:/ File:C:/Program Files/Epic Games/UE_4.27/FeaturePacks/TP_PuzzleBP.upack)
[2021.10.17-23.55.34:870][  0]LogPakFile: OnPakFileMounted2Time == 0.000035
[2021.10.17-23.55.34:871][  0]LogPakFile: PakFile PrimaryIndexSize=183
[2021.10.17-23.55.34:871][  0]LogPakFile: PakFile PathHashIndexSize=101
[2021.10.17-23.55.34:871][  0]LogPakFile: PakFile FullDirectoryIndexSize=140
[2021.10.17-23.55.34:871][  0]LogShaderLibrary: Display: ShaderCodeLibraryPakFileMountedCallback: PakFile 'C:/Program Files/Epic Games/UE_4.27/FeaturePacks/TP_Rolling.upack' (chunk index -1, root 'root:/') mounted
[2021.10.17-23.55.34:871][  0]LogShaderLibrary: Display: ShaderCodeLibraryPakFileMountedCallback: pending pak file info (ChunkID:-1 Root:root:/ File:C:/Program Files/Epic Games/UE_4.27/FeaturePacks/TP_Rolling.upack)
[2021.10.17-23.55.34:871][  0]LogPakFile: OnPakFileMounted2Time == 0.000038
[2021.10.17-23.55.34:872][  0]LogPakFile: PakFile PrimaryIndexSize=185
[2021.10.17-23.55.34:872][  0]LogPakFile: PakFile PathHashIndexSize=101
[2021.10.17-23.55.34:872][  0]LogPakFile: PakFile FullDirectoryIndexSize=144
[2021.10.17-23.55.34:872][  0]LogShaderLibrary: Display: ShaderCodeLibraryPakFileMountedCallback: PakFile 'C:/Program Files/Epic Games/UE_4.27/FeaturePacks/TP_RollingBP.upack' (chunk index -1, root 'root:/') mounted
[2021.10.17-23.55.34:872][  0]LogShaderLibrary: Display: ShaderCodeLibraryPakFileMountedCallback: pending pak file info (ChunkID:-1 Root:root:/ File:C:/Program Files/Epic Games/UE_4.27/FeaturePacks/TP_RollingBP.upack)
[2021.10.17-23.55.34:872][  0]LogPakFile: OnPakFileMounted2Time == 0.000036
[2021.10.17-23.55.34:873][  0]LogPakFile: PakFile PrimaryIndexSize=188
[2021.10.17-23.55.34:873][  0]LogPakFile: PakFile PathHashIndexSize=101
[2021.10.17-23.55.34:873][  0]LogPakFile: PakFile FullDirectoryIndexSize=150
[2021.10.17-23.55.34:873][  0]LogShaderLibrary: Display: ShaderCodeLibraryPakFileMountedCallback: PakFile 'C:/Program Files/Epic Games/UE_4.27/FeaturePacks/TP_SideScroller.upack' (chunk index -1, root 'root:/') mounted
[2021.10.17-23.55.34:873][  0]LogShaderLibrary: Display: ShaderCodeLibraryPakFileMountedCallback: pending pak file info (ChunkID:-1 Root:root:/ File:C:/Program Files/Epic Games/UE_4.27/FeaturePacks/TP_SideScroller.upack)
[2021.10.17-23.55.34:873][  0]LogPakFile: OnPakFileMounted2Time == 0.000031
[2021.10.17-23.55.34:874][  0]LogPakFile: PakFile PrimaryIndexSize=190
[2021.10.17-23.55.34:874][  0]LogPakFile: PakFile PathHashIndexSize=101
[2021.10.17-23.55.34:874][  0]LogPakFile: PakFile FullDirectoryIndexSize=154
[2021.10.17-23.55.34:874][  0]LogShaderLibrary: Display: ShaderCodeLibraryPakFileMountedCallback: PakFile 'C:/Program Files/Epic Games/UE_4.27/FeaturePacks/TP_SideScrollerBP.upack' (chunk index -1, root 'root:/') mounted
[2021.10.17-23.55.34:874][  0]LogShaderLibrary: Display: ShaderCodeLibraryPakFileMountedCallback: pending pak file info (ChunkID:-1 Root:root:/ File:C:/Program Files/Epic Games/UE_4.27/FeaturePacks/TP_SideScrollerBP.upack)
[2021.10.17-23.55.34:874][  0]LogPakFile: OnPakFileMounted2Time == 0.000031
[2021.10.17-23.55.34:875][  0]LogPakFile: PakFile PrimaryIndexSize=187
[2021.10.17-23.55.34:875][  0]LogPakFile: PakFile PathHashIndexSize=101
[2021.10.17-23.55.34:875][  0]LogPakFile: PakFile FullDirectoryIndexSize=148
[2021.10.17-23.55.34:875][  0]LogShaderLibrary: Display: ShaderCodeLibraryPakFileMountedCallback: PakFile 'C:/Program Files/Epic Games/UE_4.27/FeaturePacks/TP_ThirdPerson.upack' (chunk index -1, root 'root:/') mounted
[2021.10.17-23.55.34:875][  0]LogShaderLibrary: Display: ShaderCodeLibraryPakFileMountedCallback: pending pak file info (ChunkID:-1 Root:root:/ File:C:/Program Files/Epic Games/UE_4.27/FeaturePacks/TP_ThirdPerson.upack)
[2021.10.17-23.55.34:875][  0]LogPakFile: OnPakFileMounted2Time == 0.000031
[2021.10.17-23.55.34:876][  0]LogPakFile: PakFile PrimaryIndexSize=189
[2021.10.17-23.55.34:876][  0]LogPakFile: PakFile PathHashIndexSize=101
[2021.10.17-23.55.34:876][  0]LogPakFile: PakFile FullDirectoryIndexSize=152
[2021.10.17-23.55.34:877][  0]LogShaderLibrary: Display: ShaderCodeLibraryPakFileMountedCallback: PakFile 'C:/Program Files/Epic Games/UE_4.27/FeaturePacks/TP_ThirdPersonBP.upack' (chunk index -1, root 'root:/') mounted
[2021.10.17-23.55.34:877][  0]LogShaderLibrary: Display: ShaderCodeLibraryPakFileMountedCallback: pending pak file info (ChunkID:-1 Root:root:/ File:C:/Program Files/Epic Games/UE_4.27/FeaturePacks/TP_ThirdPersonBP.upack)
[2021.10.17-23.55.34:877][  0]LogPakFile: OnPakFileMounted2Time == 0.000031
[2021.10.17-23.55.34:878][  0]LogPakFile: PakFile PrimaryIndexSize=183
[2021.10.17-23.55.34:878][  0]LogPakFile: PakFile PathHashIndexSize=101
[2021.10.17-23.55.34:878][  0]LogPakFile: PakFile FullDirectoryIndexSize=140
[2021.10.17-23.55.34:878][  0]LogShaderLibrary: Display: ShaderCodeLibraryPakFileMountedCallback: PakFile 'C:/Program Files/Epic Games/UE_4.27/FeaturePacks/TP_TopDown.upack' (chunk index -1, root 'root:/') mounted
[2021.10.17-23.55.34:878][  0]LogShaderLibrary: Display: ShaderCodeLibraryPakFileMountedCallback: pending pak file info (ChunkID:-1 Root:root:/ File:C:/Program Files/Epic Games/UE_4.27/FeaturePacks/TP_TopDown.upack)
[2021.10.17-23.55.34:878][  0]LogPakFile: OnPakFileMounted2Time == 0.000044
[2021.10.17-23.55.34:879][  0]LogPakFile: PakFile PrimaryIndexSize=185
[2021.10.17-23.55.34:879][  0]LogPakFile: PakFile PathHashIndexSize=101
[2021.10.17-23.55.34:879][  0]LogPakFile: PakFile FullDirectoryIndexSize=144
[2021.10.17-23.55.34:879][  0]LogShaderLibrary: Display: ShaderCodeLibraryPakFileMountedCallback: PakFile 'C:/Program Files/Epic Games/UE_4.27/FeaturePacks/TP_TopDownBP.upack' (chunk index -1, root 'root:/') mounted
[2021.10.17-23.55.34:879][  0]LogShaderLibrary: Display: ShaderCodeLibraryPakFileMountedCallback: pending pak file info (ChunkID:-1 Root:root:/ File:C:/Program Files/Epic Games/UE_4.27/FeaturePacks/TP_TopDownBP.upack)
[2021.10.17-23.55.34:879][  0]LogPakFile: OnPakFileMounted2Time == 0.000048
[2021.10.17-23.55.34:881][  0]LogPakFile: PakFile PrimaryIndexSize=185
[2021.10.17-23.55.34:881][  0]LogPakFile: PakFile PathHashIndexSize=101
[2021.10.17-23.55.34:881][  0]LogPakFile: PakFile FullDirectoryIndexSize=144
[2021.10.17-23.55.34:881][  0]LogShaderLibrary: Display: ShaderCodeLibraryPakFileMountedCallback: PakFile 'C:/Program Files/Epic Games/UE_4.27/FeaturePacks/TP_TwinStick.upack' (chunk index -1, root 'root:/') mounted
[2021.10.17-23.55.34:881][  0]LogShaderLibrary: Display: ShaderCodeLibraryPakFileMountedCallback: pending pak file info (ChunkID:-1 Root:root:/ File:C:/Program Files/Epic Games/UE_4.27/FeaturePacks/TP_TwinStick.upack)
[2021.10.17-23.55.34:881][  0]LogPakFile: OnPakFileMounted2Time == 0.000039
[2021.10.17-23.55.34:882][  0]LogPakFile: PakFile PrimaryIndexSize=187
[2021.10.17-23.55.34:882][  0]LogPakFile: PakFile PathHashIndexSize=101
[2021.10.17-23.55.34:882][  0]LogPakFile: PakFile FullDirectoryIndexSize=148
[2021.10.17-23.55.34:882][  0]LogShaderLibrary: Display: ShaderCodeLibraryPakFileMountedCallback: PakFile 'C:/Program Files/Epic Games/UE_4.27/FeaturePacks/TP_TwinStickBP.upack' (chunk index -1, root 'root:/') mounted
[2021.10.17-23.55.34:882][  0]LogShaderLibrary: Display: ShaderCodeLibraryPakFileMountedCallback: pending pak file info (ChunkID:-1 Root:root:/ File:C:/Program Files/Epic Games/UE_4.27/FeaturePacks/TP_TwinStickBP.upack)
[2021.10.17-23.55.34:882][  0]LogPakFile: OnPakFileMounted2Time == 0.000040
[2021.10.17-23.55.34:883][  0]LogPakFile: PakFile PrimaryIndexSize=183
[2021.10.17-23.55.34:883][  0]LogPakFile: PakFile PathHashIndexSize=101
[2021.10.17-23.55.34:883][  0]LogPakFile: PakFile FullDirectoryIndexSize=140
[2021.10.17-23.55.34:883][  0]LogShaderLibrary: Display: ShaderCodeLibraryPakFileMountedCallback: PakFile 'C:/Program Files/Epic Games/UE_4.27/FeaturePacks/TP_Vehicle.upack' (chunk index -1, root 'root:/') mounted
[2021.10.17-23.55.34:883][  0]LogShaderLibrary: Display: ShaderCodeLibraryPakFileMountedCallback: pending pak file info (ChunkID:-1 Root:root:/ File:C:/Program Files/Epic Games/UE_4.27/FeaturePacks/TP_Vehicle.upack)
[2021.10.17-23.55.34:883][  0]LogPakFile: OnPakFileMounted2Time == 0.000031
[2021.10.17-23.55.34:884][  0]LogPakFile: PakFile PrimaryIndexSize=186
[2021.10.17-23.55.34:884][  0]LogPakFile: PakFile PathHashIndexSize=101
[2021.10.17-23.55.34:885][  0]LogPakFile: PakFile FullDirectoryIndexSize=146
[2021.10.17-23.55.34:885][  0]LogShaderLibrary: Display: ShaderCodeLibraryPakFileMountedCallback: PakFile 'C:/Program Files/Epic Games/UE_4.27/FeaturePacks/TP_VehicleAdv.upack' (chunk index -1, root 'root:/') mounted
[2021.10.17-23.55.34:885][  0]LogShaderLibrary: Display: ShaderCodeLibraryPakFileMountedCallback: pending pak file info (ChunkID:-1 Root:root:/ File:C:/Program Files/Epic Games/UE_4.27/FeaturePacks/TP_VehicleAdv.upack)
[2021.10.17-23.55.34:885][  0]LogPakFile: OnPakFileMounted2Time == 0.000057
[2021.10.17-23.55.34:886][  0]LogPakFile: PakFile PrimaryIndexSize=188
[2021.10.17-23.55.34:886][  0]LogPakFile: PakFile PathHashIndexSize=101
[2021.10.17-23.55.34:886][  0]LogPakFile: PakFile FullDirectoryIndexSize=150
[2021.10.17-23.55.34:886][  0]LogShaderLibrary: Display: ShaderCodeLibraryPakFileMountedCallback: PakFile 'C:/Program Files/Epic Games/UE_4.27/FeaturePacks/TP_VehicleAdvBP.upack' (chunk index -1, root 'root:/') mounted
[2021.10.17-23.55.34:886][  0]LogShaderLibrary: Display: ShaderCodeLibraryPakFileMountedCallback: pending pak file info (ChunkID:-1 Root:root:/ File:C:/Program Files/Epic Games/UE_4.27/FeaturePacks/TP_VehicleAdvBP.upack)
[2021.10.17-23.55.34:886][  0]LogPakFile: OnPakFileMounted2Time == 0.000033
[2021.10.17-23.55.34:887][  0]LogPakFile: PakFile PrimaryIndexSize=185
[2021.10.17-23.55.34:887][  0]LogPakFile: PakFile PathHashIndexSize=101
[2021.10.17-23.55.34:887][  0]LogPakFile: PakFile FullDirectoryIndexSize=144
[2021.10.17-23.55.34:887][  0]LogShaderLibrary: Display: ShaderCodeLibraryPakFileMountedCallback: PakFile 'C:/Program Files/Epic Games/UE_4.27/FeaturePacks/TP_VehicleBP.upack' (chunk index -1, root 'root:/') mounted
[2021.10.17-23.55.34:887][  0]LogShaderLibrary: Display: ShaderCodeLibraryPakFileMountedCallback: pending pak file info (ChunkID:-1 Root:root:/ File:C:/Program Files/Epic Games/UE_4.27/FeaturePacks/TP_VehicleBP.upack)
[2021.10.17-23.55.34:887][  0]LogPakFile: OnPakFileMounted2Time == 0.000111
[2021.10.17-23.55.34:890][  0]LogPakFile: PakFile PrimaryIndexSize=192
[2021.10.17-23.55.34:890][  0]LogPakFile: PakFile PathHashIndexSize=101
[2021.10.17-23.55.34:890][  0]LogPakFile: PakFile FullDirectoryIndexSize=158
[2021.10.17-23.55.34:890][  0]LogShaderLibrary: Display: ShaderCodeLibraryPakFileMountedCallback: PakFile 'C:/Program Files/Epic Games/UE_4.27/FeaturePacks/TP_VirtualRealityBP.upack' (chunk index -1, root 'root:/') mounted
[2021.10.17-23.55.34:890][  0]LogShaderLibrary: Display: ShaderCodeLibraryPakFileMountedCallback: pending pak file info (ChunkID:-1 Root:root:/ File:C:/Program Files/Epic Games/UE_4.27/FeaturePacks/TP_VirtualRealityBP.upack)
[2021.10.17-23.55.34:890][  0]LogPakFile: OnPakFileMounted2Time == 0.000031
[2021.10.17-23.55.35:033][  0]LogNativeClassHierarchy: Verbose: Native class hierarchy updated for 'AddContentDialog' in 0.0003 seconds. Added 0 classes and 0 folders.
[2021.10.17-23.55.35:035][  0]LogNativeClassHierarchy: Verbose: Native class hierarchy updated for 'SceneOutliner' in 0.0003 seconds. Added 2 classes and 0 folders.
[2021.10.17-23.55.35:112][  0]LogSlate: Took 0.001001 seconds to synchronously load lazily loaded font '../../../Engine/Content/Slate/Fonts/Roboto-Regular.ttf' (155K)
[2021.10.17-23.55.35:115][  0]LogSlate: Took 0.001061 seconds to synchronously load lazily loaded font '../../../Engine/Content/Editor/Slate/Fonts/FontAwesome.ttf' (139K)
[2021.10.17-23.55.35:124][  0]LogSlate: Took 0.004361 seconds to synchronously load lazily loaded font '../../../Engine/Content/Slate/Fonts/Roboto-Bold.ttf' (160K)
[2021.10.17-23.55.35:237][  0]LogRenderer: Reallocating scene render targets to support 964x432 Format 10 NumSamples 1 (Frame:1).
[2021.10.17-23.55.35:425][  0]LogNativeClassHierarchy: Verbose: Native class hierarchy updated for 'HierarchicalLODOutliner' in 0.0003 seconds. Added 0 classes and 0 folders.
[2021.10.17-23.55.35:425][  0]LogLoad: (Engine Initialization) Total time: 12.34 seconds
[2021.10.17-23.55.35:425][  0]LogLoad: (Engine Initialization) Total Blueprint compile time: 0.00 seconds
[2021.10.17-23.55.35:499][  0]LogContentStreaming: Texture pool size now 1000 MB
[2021.10.17-23.55.35:520][  1]LogAssetRegistry: Asset discovery search completed in 6.8585 seconds
[2021.10.17-23.55.35:531][  1]LogCollectionManager: Fixed up redirectors for 0 collections in 0.000003 seconds (updated 0 objects)
[2021.10.17-23.55.35:798][  3]LogSlate: Took 0.017639 seconds to synchronously load lazily loaded font '../../../Engine/Content/Slate/Fonts/Roboto-Light.ttf' (167K)
[2021.10.17-23.55.42:305][241]LogUObjectHash: Compacting FUObjectHashTables data took   1.21ms
[2021.10.17-23.55.42:331][241]LogSlate: Took 0.000168 seconds to synchronously load lazily loaded font '../../../Engine/Content/Slate/Fonts/Roboto-Light.ttf' (167K)
[2021.10.17-23.55.45:850][241]LogTexture: Display: Building textures: Texture2D_0 (BGRA8, 128X128)
[2021.10.17-23.55.46:078][241]LogAssetEditorSubsystem: Opening Asset editor for World /Game/Maps/FairyLandscape.FairyLandscape
[2021.10.17-23.55.46:078][241]Cmd: MAP LOAD FILE="D:/Unreal Projects/DIG4720C_Project2/DimensionDestroyer/Content/Maps/FairyLandscape.umap" TEMPLATE=0 SHOWPROGRESS=1 FEATURELEVEL=3
[2021.10.17-23.55.46:078][241]LightingResults: New page: Lighting Build
[2021.10.17-23.55.46:080][241]LogNativeClassHierarchy: Verbose: Native class hierarchy updated for 'StatsViewer' in 0.0003 seconds. Added 6 classes and 0 folders.
[2021.10.17-23.55.46:081][241]LoadErrors: New page: Loading map: FairyLandscape.umap
[2021.10.17-23.55.46:082][241]LogWorld: UWorld::CleanupWorld for Untitled, bSessionEnded=true, bCleanupResources=true
[2021.10.17-23.55.46:082][241]LogSlate: InvalidateAllWidgets triggered.  All widgets were invalidated
[2021.10.17-23.55.46:082][241]MapCheck: New page: Map Check
[2021.10.17-23.55.46:082][241]LightingResults: New page: Lighting Build
[2021.10.17-23.55.46:091][241]LogAudio: Display: Audio Device unregistered from world 'None'.
[2021.10.17-23.55.46:127][241]LogUObjectHash: Compacting FUObjectHashTables data took   0.81ms
[2021.10.17-23.55.46:128][241]LogAudio: Display: Audio Device (ID: 1) registered with world 'FairyLandscape'.
[2021.10.17-23.55.46:459][241]LogEditorServer: Finished looking for orphan Actors (0.000 secs)
[2021.10.17-23.55.46:459][241]LogAIModule: Creating AISystem for world FairyLandscape
[2021.10.17-23.55.46:488][241]LogUObjectHash: Compacting FUObjectHashTables data took   0.75ms
[2021.10.17-23.55.46:496][241]Cmd: MAP CHECKDEP NOCLEARLOG
[2021.10.17-23.55.46:496][241]MapCheck: Map check complete: 0 Error(s), 0 Warning(s), took 0.109ms to complete.
[2021.10.17-23.55.46:496][241]LogFileHelpers: Loading map 'FairyLandscape' took 0.418
